-------------------------------------------------------------------------------------------------------------------------------------------------------
      name:  <unnamed>
       log:  F:/projects/telepsych/output/summary_fyc_analysis.log
  log type:  text
 opened on:   1 Feb 2025, 22:41:14

. 
. use "F:/projects/telepsych/data/ml_ready/psych_summary_FYC.dta", clear 

. 
. keep if total_visits != .
(75,545 observations deleted)

. 
. *drop unknown ages 3027 --> 3015 obs 
. drop if age < 0 
(12 observations deleted)

. svyset VARPSU [pweight = perwt], strata(VARSTR) vce(linearized) singleunit(certainty)

      pweight: perwt
          VCE: linearized
  Single unit: certainty
     Strata 1: VARSTR
         SU 1: VARPSU
        FPC 1: <zero>

. 
. 
. *make variable labels
. 
. label define insurance_lbl 1 "private" 2 "medicaid" 3 "medicare" 4 "medicare advantage" 5 "uninsured 1 month" 6 "other"

. label define sex_lbl 1 "female" 2 "male" 

. label define poverty_lbl 1 "<100% FPL" 2 "100%-200% FPL" 3 "200%-400% FPL" 4 ">400% FPL"

. label define region_lbl 1 "Northeast" 2 "Midwest" 3 "South" 4 "West"

. label define race_lbl 1 "White" 2 "Black" 3 "Hispanic" 4 "Other"

. label define edu_lbl 1 "<HS" 2 "HS Diploma" 3 "Bachelor or more"

. 
. 
. label values insurance insurance_lbl

. label values SEX sex_lbl

. label values poverty poverty_lbl

. label values region region_lbl 

. label values edu edu_lbl

. label values race race_lbl

. 
. recode age (0/18 = 1 "0-18") (19/36 = 2 "19-36") (37/55 = 3 "37-55") (56/65 = 4 "56-65") (66/80 = 5 "66-80") (81/max = 6 "80+"), gen(age_cat)
(3015 differences between age and age_cat)

. 
. gen telemed = 0

. replace telemed = 1 if total_telehealth_visits > 0
(1,272 real changes made)

. 
. gen age2 = age * age 

. 
. global id_vars "age age2 i.year i.SEX i.race i.edu i.region i.poverty i.insurance charlson_score autism_dx intellectual_dx personality_dx manic_episo
> de_dx bipolar_disorder_dx mdd_dx persistent_mood_disorder_dx adhd_dx"

. 
. 
. *svy: mean i.SEX i.race i.insurance i.edu i.region i.poverty charlson_score 
. 
. svy: mean  total_visits total_telehealth_visits oop total_spend age_cat $id_vars 
(running mean on estimation sample)

Survey: Mean estimation

Number of strata =     105                      Number of obs   =       2,990
Number of PSUs   =     331                      Population size =  37,088,068
                                                Design df       =         226

-----------------------------------------------------------------------------
                            |             Linearized
                            |       Mean   Std. Err.     [95% Conf. Interval]
----------------------------+------------------------------------------------
               total_visits |   5.632693   .2200722      5.199037    6.066349
    total_telehealth_visits |   1.952262     .15524      1.646359    2.258165
                        oop |    309.804   78.20426      155.7013    463.9068
                total_spend |   1446.217   140.2404      1169.871    1722.563
                    age_cat |   2.764197   .0385605      2.688213    2.840181
                        age |   40.25571   .6121367      39.04948    41.46194
                       age2 |   2006.091   50.89706      1905.797    2106.384
                            |
                       year |
                      2020  |    .323521   .0102182      .3033859    .3436561
                      2021  |   .3374158   .0090987      .3194867    .3553448
                      2022  |   .3390632   .0134132      .3126323    .3654942
                            |
                        SEX |
                    female  |   .4158329   .0127781      .3906534    .4410123
                      male  |   .5841671   .0127781      .5589877    .6093466
                            |
                       race |
                     White  |   .8075877   .0119422      .7840555    .8311199
                     Black  |   .1082708   .0087358      .0910567    .1254849
                  Hispanic  |   .0141554   .0027319      .0087723    .0195386
                     Other  |   .0699861   .0083842      .0534648    .0865074
                            |
                        edu |
                       <HS  |   .2306464    .013337      .2043657    .2569271
                HS Diploma  |   .3452246   .0151422      .3153865    .3750626
          Bachelor or more  |    .424129   .0160601      .3924823    .4557757
                            |
                     region |
                 Northeast  |   .2023505   .0174437      .1679775    .2367235
                   Midwest  |   .2190711   .0171411      .1852943    .2528478
                     South  |   .3638687   .0220964      .3203273      .40741
                      West  |   .2147097   .0163796      .1824336    .2469859
                            |
                    poverty |
                 <100% FPL  |   .2058289   .0119865      .1822093    .2294484
             100%-200% FPL  |   .1188821   .0097405      .0996883    .1380759
             200%-400% FPL  |   .2639638   .0115113      .2412806     .286647
                 >400% FPL  |   .4113252   .0164855      .3788403    .4438102
                            |
                  insurance |
                   private  |   .4499524   .0162246      .4179817    .4819232
                  medicaid  |    .229509   .0141347      .2016563    .2573618
                  medicare  |    .036277   .0044988       .027412     .045142
        medicare advantage  |   .1761143   .0104627      .1554973    .1967313
         uninsured 1 month  |   .0863994   .0077105      .0712056    .1015932
                     other  |   .0217479    .004015      .0138363    .0296595
                            |
             charlson_score |   .4153379   .0203566      .3752249    .4554508
                  autism_dx |   .0261759   .0040779      .0181402    .0342115
            intellectual_dx |          0  (omitted)
             personality_dx |          0  (omitted)
           manic_episode_dx |          0  (omitted)
        bipolar_disorder_dx |   .1358063    .008451      .1191535    .1524591
                     mdd_dx |          0  (omitted)
persistent_mood_disorder_dx |   .0101482   .0024373      .0053453     .014951
                    adhd_dx |   .2524625   .0124872      .2278563    .2770686
-----------------------------------------------------------------------------

.  
. svy: logit telemed i.age_cat i.year i.SEX i.race i.edu i.region i.poverty i.insurance charlson_score autism_dx intellectual_dx personality_dx manic_e
> pisode_dx bipolar_disorder_dx mdd_dx persistent_mood_disorder_dx, or
(running logit on estimation sample)

note: intellectual_dx omitted because of collinearity
note: personality_dx omitted because of collinearity
note: manic_episode_dx omitted because of collinearity
note: mdd_dx omitted because of collinearity

Survey: Logistic regression

Number of strata   =       105                 Number of obs     =       2,990
Number of PSUs     =       331                 Population size   =  37,088,068
                                               Design df         =         226
                                               F(  28,    199)   =        8.75
                                               Prob > F          =      0.0000

---------------------------------------------------------------------------------------------
                            |             Linearized
                    telemed | Odds Ratio   Std. Err.      t    P>|t|     [95% Conf. Interval]
----------------------------+----------------------------------------------------------------
                    age_cat |
                     19-36  |   1.508055   .3645302     1.70   0.091     .9366019     2.42817
                     37-55  |   1.445121     .37067     1.44   0.153     .8717614     2.39558
                     56-65  |   1.742901   .4838997     2.00   0.047     1.008492    3.012125
                     66-80  |   1.201663   .3629793     0.61   0.544     .6626452    2.179137
                       80+  |   .6287996   .3663306    -0.80   0.427     .1995001    1.981898
                            |
                       year |
                      2021  |   3.527884   .3713448    11.98   0.000     2.867045    4.341043
                      2022  |   2.494061   .3335281     6.83   0.000     1.916302    3.246013
                            |
                        SEX |
                      male  |   1.157225   .1274646     1.33   0.186      .931442    1.437738
                            |
                       race |
                     Black  |   1.060089   .2291542     0.27   0.787     .6923914    1.623054
                  Hispanic  |   1.662883   .6990373     1.21   0.228       .72629    3.807268
                     Other  |   .9226286   .2277478    -0.33   0.745     .5672564    1.500633
                            |
                        edu |
                HS Diploma  |    .848163    .154986    -0.90   0.368     .5916987    1.215788
          Bachelor or more  |   1.289421   .2493157     1.31   0.190     .8808963    1.887403
                            |
                     region |
                   Midwest  |   .8102629   .1418106    -1.20   0.231     .5739159    1.143941
                     South  |   .4293926   .0698815    -5.19   0.000     .3115874    .5917376
                      West  |   .8783448   .1583263    -0.72   0.472     .6157514    1.252924
                            |
                    poverty |
             100%-200% FPL  |   1.071869   .1920228     0.39   0.699     .7530607    1.525645
             200%-400% FPL  |   1.108923   .1788095     0.64   0.522     .8070673    1.523679
                 >400% FPL  |    1.45201    .232772     2.33   0.021     1.058714    1.991409
                            |
                  insurance |
                  medicaid  |    .746481   .1179703    -1.85   0.066     .5467322    1.019208
                  medicare  |   1.603775   .5253845     1.44   0.151     .8409984    3.058383
        medicare advantage  |   1.169596   .2418461     0.76   0.449     .7781782    1.757895
         uninsured 1 month  |   1.269385   .2471836     1.22   0.222      .864866    1.863106
                     other  |   1.310087   .3694693     0.96   0.339     .7515413    2.283744
                            |
             charlson_score |   .8743385   .0603114    -1.95   0.053     .7632171    1.001639
                  autism_dx |   1.658873   .6140971     1.37   0.173     .7998547    3.440451
            intellectual_dx |          1  (omitted)
             personality_dx |          1  (omitted)
           manic_episode_dx |          1  (omitted)
        bipolar_disorder_dx |   1.041828   .1616366     0.26   0.792     .7674033    1.414388
                     mdd_dx |          1  (omitted)
persistent_mood_disorder_dx |   1.083493   .4918081     0.18   0.860     .4429731    2.650178
                      _cons |   .2664531   .0690656    -5.10   0.000     .1598815    .4440616
---------------------------------------------------------------------------------------------
Note: _cons estimates baseline odds.

. 
. svy: logit telemed $id_vars , or
(running logit on estimation sample)

note: intellectual_dx omitted because of collinearity
note: personality_dx omitted because of collinearity
note: manic_episode_dx omitted because of collinearity
note: mdd_dx omitted because of collinearity

Survey: Logistic regression

Number of strata   =       105                 Number of obs     =       2,990
Number of PSUs     =       331                 Population size   =  37,088,068
                                               Design df         =         226
                                               F(  26,    201)   =        9.38
                                               Prob > F          =      0.0000

---------------------------------------------------------------------------------------------
                            |             Linearized
                    telemed | Odds Ratio   Std. Err.      t    P>|t|     [95% Conf. Interval]
----------------------------+----------------------------------------------------------------
                        age |   1.044285   .0178307     2.54   0.012     1.009734    1.080019
                       age2 |    .999525    .000196    -2.42   0.016     .9991388    .9999114
                            |
                       year |
                      2021  |    3.54904   .3717532    12.09   0.000     2.887151    4.362668
                      2022  |   2.476899     .33384     6.73   0.000     1.899172    3.230369
                            |
                        SEX |
                      male  |   1.166916   .1295092     1.39   0.166     .9376937    1.452172
                            |
                       race |
                     Black  |   1.086551   .2278002     0.40   0.693      .718838    1.642362
                  Hispanic  |   1.649338   .7240702     1.14   0.256     .6944077     3.91746
                     Other  |   .9651923   .2278993    -0.15   0.881     .6061048    1.537022
                            |
                        edu |
                HS Diploma  |   .8545984   .1591449    -0.84   0.400     .5921018    1.233468
          Bachelor or more  |   1.267002   .2597809     1.15   0.250      .845884    1.897771
                            |
                     region |
                   Midwest  |   .8088023   .1408862    -1.22   0.224     .5738155     1.14002
                     South  |    .419513   .0673366    -5.41   0.000     .3057612    .5755837
                      West  |   .8759056   .1571072    -0.74   0.461     .6151191    1.247255
                            |
                    poverty |
             100%-200% FPL  |   1.053143   .1847345     0.30   0.768     .7453703    1.487999
             200%-400% FPL  |   1.106559   .1748667     0.64   0.522     .8104705    1.510817
                 >400% FPL  |   1.444964   .2280931     2.33   0.021     1.058688    1.972177
                            |
                  insurance |
                  medicaid  |   .7531065   .1181887    -1.81   0.072      .552782    1.026027
                  medicare  |   1.683836   .5786398     1.52   0.131     .8554901    3.314247
        medicare advantage  |   1.219945    .247597     0.98   0.328     .8178103    1.819819
         uninsured 1 month  |   1.295726   .2548658     1.32   0.189     .8793924    1.909166
                     other  |   1.384314   .3909937     1.15   0.251     .7934542    2.415168
                            |
             charlson_score |   .8798877   .0621452    -1.81   0.071     .7655691    1.011277
                  autism_dx |    1.61085   .6028071     1.27   0.204     .7705593    3.367472
            intellectual_dx |          1  (omitted)
             personality_dx |          1  (omitted)
           manic_episode_dx |          1  (omitted)
        bipolar_disorder_dx |   1.024417    .160568     0.15   0.878     .7522122    1.395125
                     mdd_dx |          1  (omitted)
persistent_mood_disorder_dx |   1.029425    .466847     0.06   0.949     .4212058    2.515911
                    adhd_dx |   1.217245   .1612519     1.48   0.139     .9375828    1.580324
                      _cons |   .1571749   .0568065    -5.12   0.000     .0771052    .3203927
---------------------------------------------------------------------------------------------
Note: _cons estimates baseline odds.

. 
. svy: twopm tele_oop $id_vars ,  f(probit) s(glm, link(log) family(gamma))
(running twopm on estimation sample)

Survey data analysis

Number of strata   =       105                 Number of obs     =       2,990
Number of PSUs     =       331                 Population size   =  37,088,068
                                               Design df         =         226
                                               F(  26,    201)   =       12.92
                                               Prob > F          =      0.0000

---------------------------------------------------------------------------------------------
                            |             Linearized
                   tele_oop |      Coef.   Std. Err.      t    P>|t|     [95% Conf. Interval]
----------------------------+----------------------------------------------------------------
probit                      |
                        age |   .0001705   .0139345     0.01   0.990    -.0272877    .0276286
                       age2 |  -.0000191   .0001588    -0.12   0.904     -.000332    .0002937
                            |
                       year |
                      2021  |   .7961275   .0866413     9.19   0.000     .6253994    .9668556
                      2022  |   .7272775   .0977307     7.44   0.000     .5346977    .9198574
                            |
                        SEX |
                      male  |   .1866195   .0821145     2.27   0.024     .0248116    .3484274
                            |
                       race |
                     Black  |  -.0838906   .1475102    -0.57   0.570    -.3745618    .2067805
                  Hispanic  |   .3036173   .3036072     1.00   0.318    -.2946456    .9018801
                     Other  |  -.2655209   .1784323    -1.49   0.138    -.6171247    .0860829
                            |
                        edu |
                HS Diploma  |   .0165485   .1695975     0.10   0.922    -.3176461    .3507431
          Bachelor or more  |   .4257354   .1751242     2.43   0.016     .0806504    .7708204
                            |
                     region |
                   Midwest  |  -.0347929   .1397048    -0.25   0.804    -.3100836    .2404977
                     South  |  -.5221738   .1204829    -4.33   0.000    -.7595873   -.2847603
                      West  |  -.1822089   .1378337    -1.32   0.188    -.4538125    .0893947
                            |
                    poverty |
             100%-200% FPL  |   .0890565   .1585454     0.56   0.575    -.2233598    .4014728
             200%-400% FPL  |   .2996797   .1254774     2.39   0.018     .0524244    .5469349
                 >400% FPL  |    .684777    .125186     5.47   0.000     .4380959    .9314581
                            |
                  insurance |
                  medicaid  |   -.861328   .1290956    -6.67   0.000    -1.115713   -.6069431
                  medicare  |  -.3549527   .2540044    -1.40   0.164    -.8554725    .1455672
        medicare advantage  |  -.2715075   .1637677    -1.66   0.099    -.5942144    .0511993
         uninsured 1 month  |   .1901582   .1291106     1.47   0.142    -.0642564    .4445728
                     other  |  -.0188331   .2232562    -0.08   0.933     -.458763    .4210968
                            |
             charlson_score |  -.0010444   .0545868    -0.02   0.985    -.1086085    .1065197
                  autism_dx |  -.3708951   .3062913    -1.21   0.227    -.9744472    .2326569
            intellectual_dx |          0  (omitted)
             personality_dx |          0  (omitted)
           manic_episode_dx |          0  (omitted)
        bipolar_disorder_dx |   .1011745   .1247467     0.81   0.418    -.1446409      .34699
                     mdd_dx |          0  (omitted)
persistent_mood_disorder_dx |  -.0937268   .3612556    -0.26   0.796    -.8055867    .6181332
                    adhd_dx |   .2961276   .1009757     2.93   0.004     .0971533    .4951019
                      _cons |  -1.772955   .2761939    -6.42   0.000      -2.3172    -1.22871
----------------------------+----------------------------------------------------------------
glm                         |
                        age |   .0623057    .037856     1.65   0.101    -.0122902    .1369016
                       age2 |  -.0007812   .0003831    -2.04   0.043    -.0015361   -.0000263
                            |
                       year |
                      2021  |   .4148566    .180354     2.30   0.022     .0594662     .770247
                      2022  |   .6505043   .2200475     2.96   0.003     .2168972    1.084111
                            |
                        SEX |
                      male  |  -.3974326   .2108974    -1.88   0.061    -.8130092    .0181441
                            |
                       race |
                     Black  |   -.633248   .2578465    -2.46   0.015    -1.141339   -.1251574
                  Hispanic  |   -.010619   .5055247    -0.02   0.983    -1.006764    .9855256
                     Other  |   .4985773   .5982987     0.83   0.406    -.6803801    1.677535
                            |
                        edu |
                HS Diploma  |  -1.129138   .4301883    -2.62   0.009    -1.976831   -.2814451
          Bachelor or more  |  -.6697872   .4361541    -1.54   0.126    -1.529236    .1896615
                            |
                     region |
                   Midwest  |  -.2010903   .2528329    -0.80   0.427    -.6993015     .297121
                     South  |  -.2458561   .2464754    -1.00   0.320    -.7315399    .2398276
                      West  |   .6055902    .277202     2.18   0.030     .0593592    1.151821
                            |
                    poverty |
             100%-200% FPL  |  -.1750308   .5099875    -0.34   0.732    -1.179969    .8299078
             200%-400% FPL  |  -.7110401    .432724    -1.64   0.102     -1.56373    .1416496
                 >400% FPL  |  -.0985091   .4324908    -0.23   0.820    -.9507392     .753721
                            |
                  insurance |
                  medicaid  |  -.2602375   .3020953    -0.86   0.390    -.8555212    .3350463
                  medicare  |   -.211974   .3432076    -0.62   0.537    -.8882701    .4643222
        medicare advantage  |   .1011565   .2667433     0.38   0.705    -.4244654    .6267785
         uninsured 1 month  |   1.153545   .5885343     1.96   0.051    -.0061712    2.313262
                     other  |  -.8922739   .4395391    -2.03   0.044    -1.758393    -.026155
                            |
             charlson_score |   .0279457   .1006022     0.28   0.781    -.1702925    .2261839
                  autism_dx |   .5446097   .5394407     1.01   0.314    -.5183669    1.607586
            intellectual_dx |          0  (omitted)
             personality_dx |          0  (omitted)
           manic_episode_dx |          0  (omitted)
        bipolar_disorder_dx |   .3114956   .2270137     1.37   0.171    -.1358387    .7588298
                     mdd_dx |          0  (omitted)
persistent_mood_disorder_dx |   .9577525   .6559347     1.46   0.146    -.3347774    2.250282
                    adhd_dx |  -.1514816   .1752167    -0.86   0.388    -.4967489    .1937857
                      _cons |   5.583328   .7429279     7.52   0.000     4.119377     7.04728
---------------------------------------------------------------------------------------------

. 
. margins insurance edu poverty race SEX

Predictive margins

Number of strata   =       105                 Number of obs     =       2,986
Number of PSUs     =       331                 Population size   =  37,088,068
                                               Subpop. no. obs   =       2,914
                                               Subpop. size      =           .
Model VCE    : Linearized                      Design df         =         226

Expression   : twopm combined expected values, predict()

-------------------------------------------------------------------------------------
                    |            Delta-method
                    |     Margin   Std. Err.      t    P>|t|     [95% Conf. Interval]
--------------------+----------------------------------------------------------------
          insurance |
           private  |   113.7138   19.99215     5.69   0.000     74.31894    153.1086
          medicaid  |   28.39443   9.774793     2.90   0.004     9.133038    47.65581
          medicare  |   61.12472   24.23172     2.52   0.012     13.37572    108.8737
medicare advantage  |    92.6572    29.1639     3.18   0.002     35.18926    150.1252
 uninsured 1 month  |   435.4353   262.7838     1.66   0.099    -82.38437    953.2549
             other  |   45.67609   19.60735     2.33   0.021     7.039483    84.31269
                    |
                edu |
               <HS  |    174.162   87.62799     1.99   0.048      1.48957    346.8343
        HS Diploma  |    57.4324   15.74652     3.65   0.000     26.40364    88.46117
  Bachelor or more  |   140.7985   34.52822     4.08   0.000     72.76006    208.8369
                    |
            poverty |
         <100% FPL  |   83.18218   41.59672     2.00   0.047     1.215163    165.1492
     100%-200% FPL  |   78.81423   28.35414     2.78   0.006     22.94194    134.6865
     200%-400% FPL  |   60.16221   16.17921     3.72   0.000      28.2808    92.04361
         >400% FPL  |   168.1915   42.02109     4.00   0.000     85.38824    250.9947
                    |
               race |
             White  |   119.9899   28.04502     4.28   0.000     64.72673    175.2531
             Black  |   58.35806   20.67945     2.82   0.005     17.60886    99.10725
          Hispanic  |   157.9793    85.4605     1.85   0.066    -10.42201    326.3806
             Other  |   147.7247   98.00226     1.51   0.133    -45.39033    340.8398
                    |
                SEX |
            female  |    131.683   38.27282     3.44   0.001     56.26575    207.1002
              male  |   107.2221   22.09915     4.85   0.000     63.67539    150.7688
-------------------------------------------------------------------------------------

. margins, dydx( insurance edu poverty race SEX)

Average marginal effects

Number of strata   =       105                 Number of obs     =       2,986
Number of PSUs     =       331                 Population size   =  37,088,068
                                               Subpop. no. obs   =       2,914
                                               Subpop. size      =           .
Model VCE    : Linearized                      Design df         =         226

Expression   : twopm combined expected values, predict()
dy/dx w.r.t. : 2.SEX 2.race 3.race 4.race 2.edu 3.edu 2.poverty 3.poverty 4.poverty 2.insurance 3.insurance 4.insurance 5.insurance 6.insurance

-------------------------------------------------------------------------------------
                    |            Delta-method
                    |      dy/dx   Std. Err.      t    P>|t|     [95% Conf. Interval]
--------------------+----------------------------------------------------------------
                SEX |
              male  |  -24.46085   29.53836    -0.83   0.408    -82.66666    33.74497
                    |
               race |
             Black  |  -61.63183   24.69516    -2.50   0.013     -110.294   -12.96962
          Hispanic  |   37.98942   81.91699     0.46   0.643    -123.4294    199.4082
             Other  |   27.73483    95.2603     0.29   0.771    -159.9771    215.4468
                    |
                edu |
        HS Diploma  |  -116.7296   83.20692    -1.40   0.162    -280.6901    47.23103
  Bachelor or more  |  -33.36348    84.9195    -0.39   0.695    -200.6987    133.9718
                    |
            poverty |
     100%-200% FPL  |  -4.367956   42.79382    -0.10   0.919    -88.69387    79.95796
     200%-400% FPL  |  -23.01998     37.881    -0.61   0.544     -97.6651    51.62515
         >400% FPL  |   85.00931   44.73963     1.90   0.059     -3.15087    173.1695
                    |
          insurance |
          medicaid  |  -85.31937   22.32283    -3.82   0.000    -129.3069   -41.33187
          medicare  |  -52.58907   26.91615    -1.95   0.052    -105.6278    .4496405
medicare advantage  |  -21.05659   30.53281    -0.69   0.491    -81.22199    39.10881
 uninsured 1 month  |   321.7215   258.3386     1.25   0.214     -187.339     830.782
             other  |  -68.03771   27.05164    -2.52   0.013    -121.3434   -14.73201
-------------------------------------------------------------------------------------
Note: dy/dx for factor levels is the discrete change from the base level.

. 
. svy: twopm tele_total_spend $id_vars ,  f(probit) s(glm, link(log) family(gamma))
(running twopm on estimation sample)

Survey data analysis

Number of strata   =       105                 Number of obs     =       2,990
Number of PSUs     =       331                 Population size   =  37,088,068
                                               Design df         =         226
                                               F(  26,    201)   =        9.89
                                               Prob > F          =      0.0000

---------------------------------------------------------------------------------------------
                            |             Linearized
           tele_total_spend |      Coef.   Std. Err.      t    P>|t|     [95% Conf. Interval]
----------------------------+----------------------------------------------------------------
probit                      |
                        age |    .024714   .0102413     2.41   0.017     .0045332    .0448947
                       age2 |  -.0002629   .0001179    -2.23   0.027    -.0004953   -.0000305
                            |
                       year |
                      2021  |   .7612761   .0629748    12.09   0.000     .6371832     .885369
                      2022  |   .5277587   .0816795     6.46   0.000      .366808    .6887094
                            |
                        SEX |
                      male  |    .088458   .0672994     1.31   0.190    -.0441566    .2210727
                            |
                       race |
                     Black  |   .0656603    .126028     0.52   0.603    -.1826798    .3140005
                  Hispanic  |   .3173139   .2623928     1.21   0.228    -.1997354    .8343632
                     Other  |  -.0117721   .1461083    -0.08   0.936    -.2996809    .2761366
                            |
                        edu |
                HS Diploma  |  -.0956109   .1132828    -0.84   0.400    -.3188365    .1276146
          Bachelor or more  |   .1478887   .1242384     1.19   0.235    -.0969251    .3927025
                            |
                     region |
                   Midwest  |  -.1300786   .1067786    -1.22   0.224    -.3404876    .0803304
                     South  |  -.5404972   .0969015    -5.58   0.000    -.7314432   -.3495512
                      West  |  -.0937831   .1101614    -0.85   0.395    -.3108579    .1232916
                            |
                    poverty |
             100%-200% FPL  |   .0395697   .1048484     0.38   0.706    -.1670358    .2461751
             200%-400% FPL  |   .0448929   .0948997     0.47   0.637    -.1421086    .2318943
                 >400% FPL  |   .2268429    .096214     2.36   0.019     .0372516    .4164341
                            |
                  insurance |
                  medicaid  |  -.1611363   .0947935    -1.70   0.091    -.3479283    .0256558
                  medicare  |   .2843939   .2108261     1.35   0.179    -.1310424    .6998303
        medicare advantage  |   .0720039   .1227091     0.59   0.558    -.1697964    .3138042
         uninsured 1 month  |   .1521929   .1203469     1.26   0.207    -.0849526    .3893384
                     other  |   .1912801    .171013     1.12   0.265    -.1457039    .5282641
                            |
             charlson_score |  -.0752589   .0432247    -1.74   0.083    -.1604338     .009916
                  autism_dx |   .2977718   .2273676     1.31   0.192    -.1502597    .7458033
            intellectual_dx |          0  (omitted)
             personality_dx |          0  (omitted)
           manic_episode_dx |          0  (omitted)
        bipolar_disorder_dx |   .0265746   .0944157     0.28   0.779     -.159473    .2126222
                     mdd_dx |          0  (omitted)
persistent_mood_disorder_dx |   .0063433   .2688581     0.02   0.981    -.5234459    .5361325
                    adhd_dx |    .127553   .0807424     1.58   0.116    -.0315511    .2866572
                      _cons |   -1.09332   .2162838    -5.06   0.000     -1.51951   -.6671289
----------------------------+----------------------------------------------------------------
glm                         |
                        age |   .0100494   .0244516     0.41   0.681    -.0381329    .0582317
                       age2 |  -.0001315   .0002716    -0.48   0.629    -.0006668    .0004038
                            |
                       year |
                      2021  |   .3115396   .1467998     2.12   0.035     .0222682     .600811
                      2022  |   .6367631   .1865878     3.41   0.001     .2690887    1.004437
                            |
                        SEX |
                      male  |  -.1697528   .1374213    -1.24   0.218    -.4405437     .101038
                            |
                       race |
                     Black  |   .4727559   .1877543     2.52   0.012      .102783    .8427287
                  Hispanic  |  -.2205952   .1938521    -1.14   0.256    -.6025838    .1613935
                     Other  |  -.0210336   .2873474    -0.07   0.942    -.5872563    .5451891
                            |
                        edu |
                HS Diploma  |   -.192806   .2223746    -0.87   0.387    -.6309987    .2453868
          Bachelor or more  |  -.0483363   .2380274    -0.20   0.839    -.5173732    .4207007
                            |
                     region |
                   Midwest  |  -.2126453   .1792124    -1.19   0.237    -.5657862    .1404957
                     South  |   -.545539   .1590015    -3.43   0.001    -.8588539    -.232224
                      West  |   .2541609   .1885501     1.35   0.179    -.1173802     .625702
                            |
                    poverty |
             100%-200% FPL  |   .4535124   .2362428     1.92   0.056    -.0120079    .9190327
             200%-400% FPL  |  -.1041365   .1517717    -0.69   0.493     -.403205    .1949321
                 >400% FPL  |   .5044984   .1790179     2.82   0.005     .1517406    .8572561
                            |
                  insurance |
                  medicaid  |    .058789   .1848638     0.32   0.751    -.3054882    .4230662
                  medicare  |  -.3970859   .2983556    -1.33   0.185    -.9850006    .1908287
        medicare advantage  |  -.1065382    .205701    -0.52   0.605    -.5118754    .2987989
         uninsured 1 month  |   .3055083   .4314474     0.71   0.480    -.5446659    1.155682
                     other  |  -.0834175   .2962562    -0.28   0.779    -.6671951      .50036
                            |
             charlson_score |   .1774882   .1022046     1.74   0.084    -.0239076     .378884
                  autism_dx |  -.6052027   .2178899    -2.78   0.006    -1.034558   -.1758472
            intellectual_dx |          0  (omitted)
             personality_dx |          0  (omitted)
           manic_episode_dx |          0  (omitted)
        bipolar_disorder_dx |   .3670019   .1489145     2.46   0.014     .0735635    .6604403
                     mdd_dx |          0  (omitted)
persistent_mood_disorder_dx |  -.4915632   .3602627    -1.36   0.174    -1.201467    .2183403
                    adhd_dx |  -.1785122   .1432157    -1.25   0.214    -.4607211    .1036967
                      _cons |   6.363083   .4926665    12.92   0.000     5.392275     7.33389
---------------------------------------------------------------------------------------------

. margins insurance edu poverty race

Predictive margins

Number of strata   =       105                 Number of obs     =       2,986
Number of PSUs     =       331                 Population size   =  37,088,068
                                               Subpop. no. obs   =       2,914
                                               Subpop. size      =           .
Model VCE    : Linearized                      Design df         =         226

Expression   : twopm combined expected values, predict()

-------------------------------------------------------------------------------------
                    |            Delta-method
                    |     Margin   Std. Err.      t    P>|t|     [95% Conf. Interval]
--------------------+----------------------------------------------------------------
          insurance |
           private  |   480.7074   57.33824     8.38   0.000     367.7214    593.6933
          medicaid  |   445.8063    85.2607     5.23   0.000     277.7987    613.8139
          medicare  |   395.3662   109.3458     3.62   0.000     179.8986    610.8338
medicare advantage  |   456.6455   78.03759     5.85   0.000     302.8711    610.4198
 uninsured 1 month  |   730.7446   324.1454     2.25   0.025     92.01088    1369.478
             other  |   508.8794   154.5938     3.29   0.001     204.2498     813.509
                    |
                edu |
               <HS  |   515.0777   124.7069     4.13   0.000     269.3407    760.8146
        HS Diploma  |   392.0158   40.58107     9.66   0.000     312.0502    471.9815
  Bachelor or more  |   549.8868   79.45772     6.92   0.000     393.3141    706.4595
                    |
            poverty |
         <100% FPL  |   332.8859    51.0811     6.52   0.000     232.2297     433.542
     100%-200% FPL  |   541.9956   125.7378     4.31   0.000     294.2273     789.764
     200%-400% FPL  |   311.7201   38.13025     8.18   0.000     236.5838    386.8563
         >400% FPL  |   661.5829   90.07665     7.34   0.000     484.0854    839.0804
                    |
               race |
             White  |   465.1073   54.19198     8.58   0.000     358.3211    571.8935
             Black  |   784.6355   166.9362     4.70   0.000      455.685    1113.586
          Hispanic  |   465.3843   107.5721     4.33   0.000     253.4117    677.3568
             Other  |   451.2321   138.1059     3.27   0.001     179.0923    723.3719
-------------------------------------------------------------------------------------

. margins, dydx( insurance edu poverty race SEX)

Average marginal effects

Number of strata   =       105                 Number of obs     =       2,986
Number of PSUs     =       331                 Population size   =  37,088,068
                                               Subpop. no. obs   =       2,914
                                               Subpop. size      =           .
Model VCE    : Linearized                      Design df         =         226

Expression   : twopm combined expected values, predict()
dy/dx w.r.t. : 2.SEX 2.race 3.race 4.race 2.edu 3.edu 2.poverty 3.poverty 4.poverty 2.insurance 3.insurance 4.insurance 5.insurance 6.insurance

-------------------------------------------------------------------------------------
                    |            Delta-method
                    |      dy/dx   Std. Err.      t    P>|t|     [95% Conf. Interval]
--------------------+----------------------------------------------------------------
                SEX |
              male  |    -49.313   72.88682    -0.68   0.499    -192.9377    94.31167
                    |
               race |
             Black  |   319.5281   160.3171     1.99   0.047     3.620619    635.4357
          Hispanic  |   .2769407   126.3226     0.00   0.998    -248.6438    249.1977
             Other  |  -13.87522   137.1427    -0.10   0.920    -284.1171    256.3667
                    |
                edu |
        HS Diploma  |  -123.0619   121.9063    -1.01   0.314    -363.2802    117.1565
  Bachelor or more  |   34.80915   139.9692     0.25   0.804    -241.0024    310.6207
                    |
            poverty |
     100%-200% FPL  |   209.1098   125.8218     1.66   0.098    -38.82404    457.0436
     200%-400% FPL  |  -21.16581   54.56911    -0.39   0.698    -128.6951     86.3635
         >400% FPL  |    328.697   93.46708     3.52   0.001     144.5186    512.8754
                    |
          insurance |
          medicaid  |  -34.90108   93.01915    -0.38   0.708    -218.1968    148.3947
          medicare  |  -85.34118   131.9232    -0.65   0.518    -345.2979    174.6155
medicare advantage  |  -24.06191   96.32702    -0.25   0.803    -213.8759     165.752
 uninsured 1 month  |   250.0373   319.0265     0.78   0.434    -378.6096    878.6841
             other  |   28.17207   158.8662     0.18   0.859    -284.8763    341.2204
-------------------------------------------------------------------------------------
Note: dy/dx for factor levels is the discrete change from the base level.

. 
. svy: glm tele_oop $id_vars , family(gamma) link(log)
(running glm on estimation sample)

Survey: Generalized linear models

Number of strata   =       105                 Number of obs     =       2,990
Number of PSUs     =       331                 Population size   =  37,088,068
                                               Design df         =         226

---------------------------------------------------------------------------------------------
                            |             Linearized
                   tele_oop |      Coef.   Std. Err.      t    P>|t|     [95% Conf. Interval]
----------------------------+----------------------------------------------------------------
                        age |   .0097807   .0439131     0.22   0.824    -.0767508    .0963121
                       age2 |  -.0003788   .0004722    -0.80   0.423    -.0013093    .0005518
                            |
                       year |
                      2021  |   1.782258   .2776101     6.42   0.000     1.235223    2.329293
                      2022  |   1.505814    .278766     5.40   0.000      .956501    2.055127
                            |
                        SEX |
                      male  |   .0976848   .2801956     0.35   0.728    -.4544452    .6498148
                            |
                       race |
                     Black  |  -1.313683   .3790549    -3.47   0.001    -2.060616   -.5667488
                  Hispanic  |   .3217066   .6581616     0.49   0.625    -.9752115    1.618625
                     Other  |  -.6987783   .5280376    -1.32   0.187    -1.739285    .3417283
                            |
                        edu |
                HS Diploma  |  -.4024084    .462024    -0.87   0.385    -1.312834    .5080174
          Bachelor or more  |   1.049921    .478804     2.19   0.029     .1064304    1.993413
                            |
                     region |
                   Midwest  |   .1333804   .3540089     0.38   0.707    -.5641999    .8309607
                     South  |  -.6316284   .3384945    -1.87   0.063    -1.298637    .0353805
                      West  |   .3361557   .3658807     0.92   0.359    -.3848181     1.05713
                            |
                    poverty |
             100%-200% FPL  |   .1431095   .4967223     0.29   0.774    -.8356899    1.121909
             200%-400% FPL  |   .5536291   .4246423     1.30   0.194    -.2831355    1.390394
                 >400% FPL  |   1.206538    .397347     3.04   0.003     .4235593    1.989517
                            |
                  insurance |
                  medicaid  |   -2.15409    .444386    -4.85   0.000    -3.029759    -1.27842
                  medicare  |   -.274994   .5969545    -0.46   0.645    -1.451303    .9013145
        medicare advantage  |  -.0317778   .4358967    -0.07   0.942    -.8907193    .8271638
         uninsured 1 month  |   .9218268   .6415617     1.44   0.152     -.342381    2.186035
                     other  |  -.4769803   .8379344    -0.57   0.570    -2.128144    1.174183
                            |
             charlson_score |  -.2199125   .1292239    -1.70   0.090    -.4745504    .0347253
                  autism_dx |  -.9833172   .7526926    -1.31   0.193     -2.46651    .4998757
            intellectual_dx |          0  (omitted)
             personality_dx |          0  (omitted)
           manic_episode_dx |          0  (omitted)
        bipolar_disorder_dx |   .0046277   .2755351     0.02   0.987    -.5383188    .5475742
                     mdd_dx |          0  (omitted)
persistent_mood_disorder_dx |  -.1082462   .8210563    -0.13   0.895    -1.726151    1.509658
                    adhd_dx |   .5467432   .2532586     2.16   0.032      .047693    1.045793
                      _cons |   2.503213   .9001368     2.78   0.006     .7294786    4.276947
---------------------------------------------------------------------------------------------

. 
. margins insurance edu poverty race SEX

Predictive margins

Number of strata   =       105                 Number of obs     =       2,986
Number of PSUs     =       331                 Population size   =  37,088,068
                                               Subpop. no. obs   =       2,914
                                               Subpop. size      =           .
Model VCE    : Linearized                      Design df         =         226

Expression   : Predicted mean tele_oop, predict()

-------------------------------------------------------------------------------------
                    |            Delta-method
                    |     Margin   Std. Err.      t    P>|t|     [95% Conf. Interval]
--------------------+----------------------------------------------------------------
          insurance |
           private  |   144.4588   28.20689     5.12   0.000     88.87669    200.0409
          medicaid  |   16.75849   6.384191     2.62   0.009     4.178335    29.33864
          medicare  |   109.7275   66.08515     1.66   0.098    -20.49431    239.9494
medicare advantage  |   139.9404   60.54846     2.31   0.022     20.62869    259.2521
 uninsured 1 month  |   363.1519   221.1544     1.64   0.102    -72.63651    798.9403
             other  |   89.65905   73.06762     1.23   0.221    -54.32188      233.64
                    |
                edu |
               <HS  |   82.14015   33.64347     2.44   0.015     15.84514    148.4352
        HS Diploma  |   54.92774   13.55008     4.05   0.000     28.22708    81.62839
  Bachelor or more  |   234.7094   56.05537     4.19   0.000     124.2514    345.1675
                    |
            poverty |
         <100% FPL  |   56.08176   24.09002     2.33   0.021     8.611982    103.5515
     100%-200% FPL  |   64.71029   25.29597     2.56   0.011     14.86418    114.5564
     200%-400% FPL  |   97.55729   25.05252     3.89   0.000     48.19089    146.9237
         >400% FPL  |   187.4194   37.61063     4.98   0.000      113.307    261.5317
                    |
               race |
             White  |   154.3969   29.74581     5.19   0.000     95.78229    213.0115
             Black  |   41.50625    15.9453     2.60   0.010     10.08578    72.92671
          Hispanic  |   212.9874   141.9209     1.50   0.135    -66.66999    492.6448
             Other  |   76.76495   40.68102     1.89   0.060    -3.397651    156.9276
                    |
                SEX |
            female  |   135.9385   35.73212     3.80   0.000     65.52779    206.3492
              male  |   149.8879   32.01315     4.68   0.000     86.80543    212.9703
-------------------------------------------------------------------------------------

. margins, dydx( insurance edu poverty race SEX)

Average marginal effects

Number of strata   =       105                 Number of obs     =       2,986
Number of PSUs     =       331                 Population size   =  37,088,068
                                               Subpop. no. obs   =       2,914
                                               Subpop. size      =           .
Model VCE    : Linearized                      Design df         =         226

Expression   : Predicted mean tele_oop, predict()
dy/dx w.r.t. : 2.SEX 2.race 3.race 4.race 2.edu 3.edu 2.poverty 3.poverty 4.poverty 2.insurance 3.insurance 4.insurance 5.insurance 6.insurance

-------------------------------------------------------------------------------------
                    |            Delta-method
                    |      dy/dx   Std. Err.      t    P>|t|     [95% Conf. Interval]
--------------------+----------------------------------------------------------------
                SEX |
              male  |   13.94936   39.54788     0.35   0.725    -63.98037    91.87909
                    |
               race |
             Black  |  -112.8906   29.60072    -3.81   0.000    -171.2193   -54.56194
          Hispanic  |   58.59053   139.4625     0.42   0.675    -216.2226    333.4037
             Other  |  -77.63193   45.56257    -1.70   0.090    -167.4137    12.14986
                    |
                edu |
        HS Diploma  |  -27.21241   35.31478    -0.77   0.442    -96.80075    42.37593
  Bachelor or more  |   152.5693   66.02986     2.31   0.022      22.4564    282.6822
                    |
            poverty |
     100%-200% FPL  |   8.628526    29.8571     0.29   0.773    -50.20538    67.46243
     200%-400% FPL  |   41.47553   28.70915     1.44   0.150    -15.09632    98.04737
         >400% FPL  |   131.3376   35.94028     3.65   0.000     60.51668    202.1585
                    |
          insurance |
          medicaid  |  -127.7003   29.50984    -4.33   0.000    -185.8499   -69.55071
          medicare  |  -34.73127   66.76505    -0.52   0.603    -166.2929    96.83034
medicare advantage  |  -4.518408   61.21767    -0.07   0.941    -125.1488     116.112
 uninsured 1 month  |   218.6931    223.253     0.98   0.328    -221.2306    658.6168
             other  |  -54.79976   78.31191    -0.70   0.485    -209.1147    99.51512
-------------------------------------------------------------------------------------
Note: dy/dx for factor levels is the discrete change from the base level.

. 
. 
. svy: glm tele_total_spend $id_vars , family(gamma) link(log)
(running glm on estimation sample)

Survey: Generalized linear models

Number of strata   =       105                 Number of obs     =       2,990
Number of PSUs     =       331                 Population size   =  37,088,068
                                               Design df         =         226

---------------------------------------------------------------------------------------------
                            |             Linearized
           tele_total_spend |      Coef.   Std. Err.      t    P>|t|     [95% Conf. Interval]
----------------------------+----------------------------------------------------------------
                        age |   .0350006    .022983     1.52   0.129    -.0102877     .080289
                       age2 |  -.0004049   .0002573    -1.57   0.117    -.0009119    .0001021
                            |
                       year |
                      2021  |   1.066397   .1505799     7.08   0.000     .7696765    1.363117
                      2022  |   1.166937   .1937856     6.02   0.000     .7850792    1.548794
                            |
                        SEX |
                      male  |  -.0793852    .147001    -0.54   0.590     -.369053    .2102826
                            |
                       race |
                     Black  |   .4598915   .2023755     2.27   0.024     .0611073    .8586757
                  Hispanic  |    .199881   .3276645     0.61   0.542    -.4457872    .8455492
                     Other  |  -.1596021   .2988098    -0.53   0.594    -.7484118    .4292075
                            |
                        edu |
                HS Diploma  |   -.310466   .2500631    -1.24   0.216    -.8032195    .1822874
          Bachelor or more  |   .0664071   .2767719     0.24   0.811    -.4789764    .6117906
                            |
                     region |
                   Midwest  |  -.2636514   .2192224    -1.20   0.230    -.6956328      .16833
                     South  |  -1.027682   .1778266    -5.78   0.000    -1.378092   -.6772717
                      West  |    .126443   .2098129     0.60   0.547    -.2869967    .5398826
                            |
                    poverty |
             100%-200% FPL  |   .5426417    .275072     1.97   0.050     .0006078    1.084676
             200%-400% FPL  |  -.0698669   .1827815    -0.38   0.703    -.4300409     .290307
                 >400% FPL  |   .6988805   .1935534     3.61   0.000     .3174804    1.080281
                            |
                  insurance |
                  medicaid  |  -.0024967   .2106601    -0.01   0.991    -.4176059    .4126125
                  medicare  |  -.2390756   .3307634    -0.72   0.471    -.8908501     .412699
        medicare advantage  |   .0398864   .2486569     0.16   0.873     -.450096    .5298689
         uninsured 1 month  |   .2346478   .3887115     0.60   0.547    -.5313145     1.00061
                     other  |  -.0131968   .3200962    -0.04   0.967    -.6439515    .6175579
                            |
             charlson_score |   .0701137   .1107931     0.63   0.527    -.1482058    .2884332
                  autism_dx |  -.3942023     .30662    -1.29   0.200    -.9984021    .2099974
            intellectual_dx |          0  (omitted)
             personality_dx |          0  (omitted)
           manic_episode_dx |          0  (omitted)
        bipolar_disorder_dx |    .379885   .1881398     2.02   0.045     .0091524    .7506175
                     mdd_dx |          0  (omitted)
persistent_mood_disorder_dx |  -.7058211    .451558    -1.56   0.119    -1.595624    .1839814
                    adhd_dx |  -.0217997    .170584    -0.13   0.898    -.3579382    .3143387
                      _cons |   4.569122   .4860593     9.40   0.000     3.611334     5.52691
---------------------------------------------------------------------------------------------

. 
. margins insurance edu poverty race SEX

Predictive margins

Number of strata   =       105                 Number of obs     =       2,986
Number of PSUs     =       331                 Population size   =  37,088,068
                                               Subpop. no. obs   =       2,914
                                               Subpop. size      =           .
Model VCE    : Linearized                      Design df         =         226

Expression   : Predicted mean tele_total_spend, predict()

-------------------------------------------------------------------------------------
                    |            Delta-method
                    |     Margin   Std. Err.      t    P>|t|     [95% Conf. Interval]
--------------------+----------------------------------------------------------------
          insurance |
           private  |   474.3774   58.49403     8.11   0.000      359.114    589.6408
          medicaid  |   473.1945   94.53487     5.01   0.000      286.912     659.477
          medicare  |   373.5036   108.0749     3.46   0.001     160.5402     586.467
medicare advantage  |    493.681   100.2295     4.93   0.000     296.1772    691.1849
 uninsured 1 month  |   599.8328   236.8209     2.53   0.012     133.1733    1066.492
             other  |   468.1583   145.6569     3.21   0.001      181.139    755.1775
                    |
                edu |
               <HS  |   514.4149   127.6393     4.03   0.000     262.8995    765.9303
        HS Diploma  |   377.1203   40.23046     9.37   0.000     297.8455     456.395
  Bachelor or more  |   549.7355   78.51341     7.00   0.000     395.0236    704.4475
                    |
            poverty |
         <100% FPL  |   324.9038   52.86782     6.15   0.000     220.7269    429.0807
     100%-200% FPL  |    559.012   140.9896     3.96   0.000     281.1896    836.8344
     200%-400% FPL  |   302.9786   37.43771     8.09   0.000      229.207    376.7503
         >400% FPL  |   653.5439   85.64352     7.63   0.000      484.782    822.3059
                    |
               race |
             White  |    466.821   52.50233     8.89   0.000     363.3643    570.2777
             Black  |   739.3988   152.4991     4.85   0.000     438.8968    1039.901
          Hispanic  |   570.1086   168.2903     3.39   0.001     238.4899    901.7273
             Other  |   397.9569   118.8104     3.35   0.001     163.8392    632.0747
                    |
                SEX |
            female  |   506.3788   75.86998     6.67   0.000     356.8757    655.8818
              male  |    467.734   49.39795     9.47   0.000     370.3945    565.0734
-------------------------------------------------------------------------------------

. margins, dydx( insurance edu poverty race SEX)

Average marginal effects

Number of strata   =       105                 Number of obs     =       2,986
Number of PSUs     =       331                 Population size   =  37,088,068
                                               Subpop. no. obs   =       2,914
                                               Subpop. size      =           .
Model VCE    : Linearized                      Design df         =         226

Expression   : Predicted mean tele_total_spend, predict()
dy/dx w.r.t. : 2.SEX 2.race 3.race 4.race 2.edu 3.edu 2.poverty 3.poverty 4.poverty 2.insurance 3.insurance 4.insurance 5.insurance 6.insurance

-------------------------------------------------------------------------------------
                    |            Delta-method
                    |      dy/dx   Std. Err.      t    P>|t|     [95% Conf. Interval]
--------------------+----------------------------------------------------------------
                SEX |
              male  |  -38.64477   73.18372    -0.53   0.598    -182.8545    105.5649
                    |
               race |
             Black  |   272.5778   145.2596     1.88   0.062    -13.65855    558.8141
          Hispanic  |   103.2876     181.92     0.57   0.571    -255.1888     461.764
             Other  |  -68.86407   120.6287    -0.57   0.569    -306.5648    168.8367
                    |
                edu |
        HS Diploma  |  -137.2947    126.055    -1.09   0.277     -385.688    111.0987
  Bachelor or more  |   35.32061   144.7068     0.24   0.807    -249.8266    320.4678
                    |
            poverty |
     100%-200% FPL  |   234.1082     141.61     1.65   0.100    -44.93663    513.1529
     200%-400% FPL  |  -21.92519   58.10284    -0.38   0.706    -136.4178    92.56741
         >400% FPL  |   328.6401   93.89389     3.50   0.001     143.6207    513.6595
                    |
          insurance |
          medicaid  |  -1.182914   99.73853    -0.01   0.991    -197.7193    195.3535
          medicare  |  -100.8738    130.221    -0.77   0.439    -357.4764    155.7288
medicare advantage  |   19.30364   121.3824     0.16   0.874    -219.8823    258.4896
 uninsured 1 month  |   125.4554   231.9898     0.54   0.589    -331.6843    582.5951
             other  |  -6.219138   150.0602    -0.04   0.967    -301.9152    289.4769
-------------------------------------------------------------------------------------
Note: dy/dx for factor levels is the discrete change from the base level.

. 
. log close 
      name:  <unnamed>
       log:  F:/projects/telepsych/output/summary_fyc_analysis.log
  log type:  text
 closed on:   1 Feb 2025, 22:41:50
-------------------------------------------------------------------------------------------------------------------------------------------------------
