-------------------------------------------------------------------------------------------------------------------------------------------------------
      name:  <unnamed>
       log:  F:/projects/telepsych/output/summary_fyc_analysis.log
  log type:  text
 opened on:  11 Nov 2024, 17:58:05

. 
. 
. 
. use "F:/projects/telepsych/data/ml_ready/psych_summary_FYC.dta", clear 

. 
. 
. 
. keep if total_visits != .
(75,545 observations deleted)

. 
. svyset VARPSU [pweight = perwt], strata(VARSTR) vce(linearized) singleunit(certainty)

      pweight: perwt
          VCE: linearized
  Single unit: certainty
     Strata 1: VARSTR
         SU 1: VARPSU
        FPC 1: <zero>

. 
. 
. 
. *make variable labels

. 
. 
. 
. label define insurance_lbl 1 "private" 2 "medicaid" 3 "medicare" 4 "medicare advantage" 5 "uninsured 1 month" 6 "other"

. 
. label define sex_lbl 1 "female" 2 "male" 

. 
. label define poverty_lbl 1 "<100% FPL" 2 "100%-200% FPL" 3 "200%-400% FPL" 4 ">400% FPL"

. 
. label define region_lbl 1 "Northeast" 2 "Midwest" 3 "South" 4 "West"

. 
. label define race_lbl 1 "White" 2 "Black" 3 "Hispanic" 4 "Other"

. 
. label define edu_lbl 1 "<HS" 2 "HS Diploma" 3 "Bachelor or more"

. 
. 
. 
. 
. 
. label values insurance insurance_lbl

. 
. label values SEX sex_lbl

. 
. label values poverty poverty_lbl

. 
. label values region region_lbl 

. 
. label values edu edu_lbl

. 
. label values race race_lbl

. 
. 
. 
. 
. 
. 
. 
. gen telemed = 0

. 
. replace telemed = 1 if total_telehealth_visits > 0
(1,277 real changes made)

. 
. 
. 
. gen age2 = age * age 

. 
. 
. 
. global id_vars "age age2 i.year i.SEX i.race i.edu i.region i.poverty i.insurance charlson_score"

. 
. 
. 
. svy: mean total_visits total_telehealth_visits oop total_spend i.SEX i.race i.insurance i.edu i.region i.poverty charlson_score 
(running mean on estimation sample)

Survey: Mean estimation

Number of strata =     105                  Number of obs   =       2,992
Number of PSUs   =     331                  Population size =  37,088,068
                                            Design df       =         226

-------------------------------------------------------------------------
                        |             Linearized
                        |       Mean   Std. Err.     [95% Conf. Interval]
------------------------+------------------------------------------------
           total_visits |   5.632693   .2200722      5.199037    6.066349
total_telehealth_visits |   1.952262     .15524      1.646359    2.258165
                    oop |    309.804   78.20426      155.7013    463.9068
            total_spend |   1446.217   140.2404      1169.871    1722.563
                        |
                    SEX |
                female  |   .4158329   .0127781      .3906534    .4410123
                  male  |   .5841671   .0127781      .5589877    .6093466
                        |
                   race |
                 White  |   .8075877   .0119422      .7840555    .8311199
                 Black  |   .1082708   .0087358      .0910567    .1254849
              Hispanic  |   .0141554   .0027319      .0087723    .0195386
                 Other  |   .0699861   .0083842      .0534648    .0865074
                        |
              insurance |
               private  |   .4499524   .0162246      .4179817    .4819232
              medicaid  |    .229509   .0141347      .2016563    .2573618
              medicare  |    .036277   .0044988       .027412     .045142
    medicare advantage  |   .1761143   .0104627      .1554973    .1967313
     uninsured 1 month  |   .0863994   .0077105      .0712056    .1015932
                 other  |   .0217479    .004015      .0138363    .0296595
                        |
                    edu |
                   <HS  |   .2306464    .013337      .2043657    .2569271
            HS Diploma  |   .3452246   .0151422      .3153865    .3750626
      Bachelor or more  |    .424129   .0160601      .3924823    .4557757
                        |
                 region |
             Northeast  |   .2023505   .0174437      .1679775    .2367235
               Midwest  |   .2190711   .0171411      .1852943    .2528478
                 South  |   .3638687   .0220964      .3203273      .40741
                  West  |   .2147097   .0163796      .1824336    .2469859
                        |
                poverty |
             <100% FPL  |   .2058289   .0119865      .1822093    .2294484
         100%-200% FPL  |   .1188821   .0097405      .0996883    .1380759
         200%-400% FPL  |   .2639638   .0115113      .2412806     .286647
             >400% FPL  |   .4113252   .0164855      .3788403    .4438102
                        |
         charlson_score |   .4153379   .0203566      .3752249    .4554508
-------------------------------------------------------------------------

. 
. 
. 
. svy: mean $idvars

Survey: Mean estimation

Number of strata =     105                  Number of obs   =       2,992
Number of PSUs   =     331                  Population size =  37,088,068
                                            Design df       =         226

-------------------------------------------------------------------------
                        |             Linearized
                        |       Mean   Std. Err.     [95% Conf. Interval]
------------------------+------------------------------------------------
           total_visits |   5.632693   .2200722      5.199037    6.066349
total_telehealth_visits |   1.952262     .15524      1.646359    2.258165
                    oop |    309.804   78.20426      155.7013    463.9068
            total_spend |   1446.217   140.2404      1169.871    1722.563
                        |
                    SEX |
                female  |   .4158329   .0127781      .3906534    .4410123
                  male  |   .5841671   .0127781      .5589877    .6093466
                        |
                   race |
                 White  |   .8075877   .0119422      .7840555    .8311199
                 Black  |   .1082708   .0087358      .0910567    .1254849
              Hispanic  |   .0141554   .0027319      .0087723    .0195386
                 Other  |   .0699861   .0083842      .0534648    .0865074
                        |
              insurance |
               private  |   .4499524   .0162246      .4179817    .4819232
              medicaid  |    .229509   .0141347      .2016563    .2573618
              medicare  |    .036277   .0044988       .027412     .045142
    medicare advantage  |   .1761143   .0104627      .1554973    .1967313
     uninsured 1 month  |   .0863994   .0077105      .0712056    .1015932
                 other  |   .0217479    .004015      .0138363    .0296595
                        |
                    edu |
                   <HS  |   .2306464    .013337      .2043657    .2569271
            HS Diploma  |   .3452246   .0151422      .3153865    .3750626
      Bachelor or more  |    .424129   .0160601      .3924823    .4557757
                        |
                 region |
             Northeast  |   .2023505   .0174437      .1679775    .2367235
               Midwest  |   .2190711   .0171411      .1852943    .2528478
                 South  |   .3638687   .0220964      .3203273      .40741
                  West  |   .2147097   .0163796      .1824336    .2469859
                        |
                poverty |
             <100% FPL  |   .2058289   .0119865      .1822093    .2294484
         100%-200% FPL  |   .1188821   .0097405      .0996883    .1380759
         200%-400% FPL  |   .2639638   .0115113      .2412806     .286647
             >400% FPL  |   .4113252   .0164855      .3788403    .4438102
                        |
         charlson_score |   .4153379   .0203566      .3752249    .4554508
-------------------------------------------------------------------------

. 
. 
. 
. svy: logit telemed age age2 i.year i.race i.insurance i.region i.poverty charlson_score, or
(running logit on estimation sample)

Survey: Logistic regression

Number of strata   =       105                 Number of obs     =       2,992
Number of PSUs     =       331                 Population size   =  37,088,068
                                               Design df         =         226
                                               F(  19,    208)   =       11.40
                                               Prob > F          =      0.0000

-------------------------------------------------------------------------------------
                    |             Linearized
            telemed | Odds Ratio   Std. Err.      t    P>|t|     [95% Conf. Interval]
--------------------+----------------------------------------------------------------
                age |   1.043839   .0144392     3.10   0.002     1.015771    1.072683
               age2 |   .9995258   .0001671    -2.84   0.005     .9991965    .9998552
                    |
               year |
              2021  |   3.482542   .3672622    11.83   0.000     2.829092    4.286924
              2022  |   2.450818   .3312953     6.63   0.000     1.877709    3.198849
                    |
               race |
             Black  |    1.03241   .2138017     0.15   0.878     .6864797     1.55266
          Hispanic  |    1.59196    .643101     1.15   0.251     .7181623    3.528919
             Other  |    .919972   .2221536    -0.35   0.730     .5716378    1.480568
                    |
          insurance |
          medicaid  |   .7304575   .1135399    -2.02   0.044     .5377428    .9922366
          medicare  |   1.616871   .5357426     1.45   0.148     .8416188    3.106244
medicare advantage  |    1.11308   .2263622     0.53   0.599     .7455718    1.661742
 uninsured 1 month  |   1.212449   .2411045     0.97   0.334     .8193781    1.794083
             other  |   1.213085   .3374502     0.69   0.488     .7011861    2.098695
                    |
             region |
           Midwest  |   .7797714    .134609    -1.44   0.151     .5549279    1.095716
             South  |   .4244843   .0674594    -5.39   0.000     .3103556     .580582
              West  |   .8526719   .1530933    -0.89   0.376     .5985905    1.214602
                    |
            poverty |
     100%-200% FPL  |   1.057446   .1851375     0.32   0.750     .7489063      1.4931
     200%-400% FPL  |   1.143178   .1773961     0.86   0.389     .8420054    1.552075
         >400% FPL  |   1.578192   .2394992     3.01   0.003      1.17028    2.128284
                    |
     charlson_score |   .8824232   .0618552    -1.78   0.076     .7685799    1.013129
              _cons |   .1990004   .0677236    -4.74   0.000     .1017687    .3891288
-------------------------------------------------------------------------------------
Note: _cons estimates baseline odds.

. 
. 
. 
. svy: logit telemed $id_vars , or
(running logit on estimation sample)

Survey: Logistic regression

Number of strata   =       105                 Number of obs     =       2,992
Number of PSUs     =       331                 Population size   =  37,088,068
                                               Design df         =         226
                                               F(  22,    205)   =       10.61
                                               Prob > F          =      0.0000

-------------------------------------------------------------------------------------
                    |             Linearized
            telemed | Odds Ratio   Std. Err.      t    P>|t|     [95% Conf. Interval]
--------------------+----------------------------------------------------------------
                age |   1.040234   .0176267     2.33   0.021     1.006074    1.075554
               age2 |   .9995473   .0001951    -2.32   0.021      .999163    .9999318
                    |
               year |
              2021  |    3.53635   .3715537    12.02   0.000     2.875018    4.349807
              2022  |   2.495946   .3355554     6.80   0.000     1.915064    3.253022
                    |
                SEX |
              male  |    1.13547   .1247536     1.16   0.249     .9144308    1.409939
                    |
               race |
             Black  |   1.048274   .2213689     0.22   0.824     .6914409     1.58926
          Hispanic  |   1.637334   .6900612     1.17   0.243     .7136142     3.75674
             Other  |   .9306994   .2221995    -0.30   0.764     .5814274    1.489784
                    |
                edu |
        HS Diploma  |   .8445383    .156754    -0.91   0.364     .5858386    1.217477
  Bachelor or more  |   1.253259   .2549497     1.11   0.268     .8393613    1.871253
                    |
             region |
           Midwest  |   .8047116   .1415749    -1.23   0.218     .5689578    1.138153
             South  |   .4186921   .0682627    -5.34   0.000     .3036473    .5773247
              West  |   .8654235   .1553853    -0.80   0.422     .6075388    1.232773
                    |
            poverty |
     100%-200% FPL  |   1.053152   .1837699     0.30   0.767     .7467255    1.485325
     200%-400% FPL  |   1.104423   .1751584     0.63   0.532     .8079984    1.509595
         >400% FPL  |   1.449436    .229188     2.35   0.020     1.061403    1.979326
                    |
          insurance |
          medicaid  |   .7749656   .1217579    -1.62   0.106      .568626     1.05618
          medicare  |   1.689446   .5796728     1.53   0.128     .8592366    3.321819
medicare advantage  |   1.221854   .2480649     0.99   0.325     .8189832    1.822903
 uninsured 1 month  |   1.279826   .2483112     1.27   0.205     .8731969    1.875814
             other  |   1.343958   .3725046     1.07   0.287     .7783734    2.320509
                    |
     charlson_score |   .8808187   .0619345    -1.80   0.072     .7668534    1.011721
              _cons |   .1931899   .0677573    -4.69   0.000     .0967912    .3855962
-------------------------------------------------------------------------------------
Note: _cons estimates baseline odds.

. 
. 
. 
. svy: twopm tele_oop $id_vars ,  f(probit) s(glm, link(log) family(gamma))
(running twopm on estimation sample)

Survey data analysis

Number of strata   =       105                 Number of obs     =       2,992
Number of PSUs     =       331                 Population size   =  37,088,068
                                               Design df         =         226
                                               F(  22,    205)   =       15.03
                                               Prob > F          =      0.0000

-------------------------------------------------------------------------------------
                    |             Linearized
           tele_oop |      Coef.   Std. Err.      t    P>|t|     [95% Conf. Interval]
--------------------+----------------------------------------------------------------
probit              |
                age |  -.0023504   .0139523    -0.17   0.866    -.0298436    .0251429
               age2 |  -8.25e-06   .0001582    -0.05   0.958      -.00032    .0003035
                    |
               year |
              2021  |   .7794029   .0870489     8.95   0.000     .6078717    .9509341
              2022  |   .7225584    .097155     7.44   0.000      .531113    .9140039
                    |
                SEX |
              male  |   .1639114     .08323     1.97   0.050    -.0000947    .3279175
                    |
               race |
             Black  |  -.1227046   .1501338    -0.82   0.415    -.4185457    .1731366
          Hispanic  |   .3140506   .2942759     1.07   0.287    -.2658249    .8939262
             Other  |  -.2819647   .1810307    -1.56   0.121    -.6386887    .0747593
                    |
                edu |
        HS Diploma  |   .0307111   .1705255     0.18   0.857    -.3053121    .3667344
  Bachelor or more  |   .4374902   .1753314     2.50   0.013     .0919968    .7829836
                    |
             region |
           Midwest  |  -.0407038   .1405835    -0.29   0.772     -.317726    .2363183
             South  |  -.5098365   .1203199    -4.24   0.000    -.7469289   -.2727442
              West  |  -.1801236   .1387454    -1.30   0.196    -.4535236    .0932764
                    |
            poverty |
     100%-200% FPL  |    .077978   .1588535     0.49   0.624    -.2350454    .3910013
     200%-400% FPL  |   .2998656   .1246965     2.40   0.017      .054149    .5455821
         >400% FPL  |   .6826287   .1230617     5.55   0.000     .4401336    .9251239
                    |
          insurance |
          medicaid  |  -.8406193   .1210916    -6.94   0.000    -1.079232   -.6020063
          medicare  |  -.3751155    .251324    -1.49   0.137    -.8703535    .1201226
medicare advantage  |  -.2859354   .1611099    -1.77   0.077     -.603405    .0315343
 uninsured 1 month  |   .1951345   .1302366     1.50   0.135    -.0614989    .4517678
             other  |  -.0596435   .2178318    -0.27   0.784    -.4888845    .3695975
                    |
     charlson_score |   .0001021   .0536672     0.00   0.998    -.1056499    .1058541
              _cons |  -1.592425   .2716292    -5.86   0.000    -2.127674   -1.057175
--------------------+----------------------------------------------------------------
glm                 |
                age |   .0685413   .0387231     1.77   0.078    -.0077631    .1448457
               age2 |  -.0008502    .000387    -2.20   0.029    -.0016127   -.0000876
                    |
               year |
              2021  |   .3801122   .2070112     1.84   0.068    -.0278067    .7880312
              2022  |   .6251389   .2390746     2.61   0.010     .1540385    1.096239
                    |
                SEX |
              male  |  -.3384323   .2031267    -1.67   0.097    -.7386968    .0618323
                    |
               race |
             Black  |   -.680151   .2527069    -2.69   0.008    -1.178114    -.182188
          Hispanic  |    .099513   .5429744     0.18   0.855    -.9704268    1.169453
             Other  |   .4791269   .6058896     0.79   0.430    -.7147885    1.673042
                    |
                edu |
        HS Diploma  |  -1.111314   .4232911    -2.63   0.009    -1.945416   -.2772116
  Bachelor or more  |   -.637615   .4566678    -1.40   0.164    -1.537486    .2622564
                    |
             region |
           Midwest  |  -.2136278   .2433076    -0.88   0.381    -.6930695    .2658138
             South  |  -.2390158   .2409006    -0.99   0.322    -.7137144    .2356828
              West  |   .6247115    .288096     2.17   0.031     .0570137    1.192409
                    |
            poverty |
     100%-200% FPL  |  -.1395875   .5104359    -0.27   0.785     -1.14541    .8662347
     200%-400% FPL  |   -.625731   .4309791    -1.45   0.148    -1.474982    .2235202
         >400% FPL  |  -.0515619   .4302576    -0.12   0.905    -.8993914    .7962676
                    |
          insurance |
          medicaid  |  -.1516414   .2915188    -0.52   0.603    -.7260839    .4228011
          medicare  |  -.0951747   .3337909    -0.29   0.776     -.752915    .5625656
medicare advantage  |   .1751916   .2657307     0.66   0.510     -.348435    .6988182
 uninsured 1 month  |   1.144413   .5955548     1.92   0.056    -.0291374    2.317963
             other  |  -.8282211   .4611411    -1.80   0.074    -1.736907    .0804649
                    |
     charlson_score |   .0367902   .1024317     0.36   0.720    -.1650531    .2386336
              _cons |   5.366048   .7476608     7.18   0.000      3.89277    6.839326
-------------------------------------------------------------------------------------

. 
. 
. 
. margins insurance edu poverty race SEX

Predictive margins

Number of strata   =       105                 Number of obs     =       2,986
Number of PSUs     =       331                 Population size   =  37,088,068
                                               Subpop. no. obs   =       2,914
                                               Subpop. size      =           .
Model VCE    : Linearized                      Design df         =         226

Expression   : twopm combined expected values, predict()

-------------------------------------------------------------------------------------
                    |            Delta-method
                    |     Margin   Std. Err.      t    P>|t|     [95% Conf. Interval]
--------------------+----------------------------------------------------------------
          insurance |
           private  |   109.0792   17.98717     6.06   0.000     73.63522    144.5232
          medicaid  |   31.45906    10.4186     3.02   0.003     10.92904    51.98909
          medicare  |     64.396   26.18546     2.46   0.015     12.79712    115.9949
medicare advantage  |    94.2424   30.31985     3.11   0.002     34.49664    153.9882
 uninsured 1 month  |   415.0348   250.7981     1.65   0.099    -79.16702    909.2366
             other  |   44.73874     20.874     2.14   0.033     3.606181    85.87129
                    |
                edu |
               <HS  |   166.5119   85.61656     1.94   0.053    -2.196906    335.2207
        HS Diploma  |   56.85279   15.26615     3.72   0.000      26.7706    86.93498
  Bachelor or more  |   140.8211   34.87237     4.04   0.000     72.10449    209.5377
                    |
            poverty |
         <100% FPL  |   78.40153   39.11452     2.00   0.046      1.32574    155.4773
     100%-200% FPL  |   75.83483   27.14976     2.79   0.006     22.33579    129.3339
     200%-400% FPL  |   61.74732   16.55592     3.73   0.000     29.12361    94.37102
         >400% FPL  |   165.5017   40.64469     4.07   0.000     85.41069    245.5927
                    |
               race |
             White  |   119.2024   27.70911     4.30   0.000     64.60112    173.8036
             Black  |   53.08268   18.49372     2.87   0.004     16.64051    89.52485
          Hispanic  |   176.4481   105.9179     1.67   0.097    -32.26474     385.161
             Other  |   141.3347   94.95722     1.49   0.138    -45.78003    328.4494
                    |
                SEX |
            female  |   128.1117   36.35069     3.52   0.001     56.48203    199.7413
              male  |    108.036   22.64482     4.77   0.000     63.41397    152.6579
-------------------------------------------------------------------------------------

. 
. margins, dydx( insurance edu poverty race SEX)

Average marginal effects

Number of strata   =       105                 Number of obs     =       2,986
Number of PSUs     =       331                 Population size   =  37,088,068
                                               Subpop. no. obs   =       2,914
                                               Subpop. size      =           .
Model VCE    : Linearized                      Design df         =         226

Expression   : twopm combined expected values, predict()
dy/dx w.r.t. : 2.SEX 2.race 3.race 4.race 2.edu 3.edu 2.poverty 3.poverty 4.poverty 2.insurance 3.insurance 4.insurance 5.insurance 6.insurance

-------------------------------------------------------------------------------------
                    |            Delta-method
                    |      dy/dx   Std. Err.      t    P>|t|     [95% Conf. Interval]
--------------------+----------------------------------------------------------------
                SEX |
              male  |  -20.07571   27.61572    -0.73   0.468    -74.49294    34.34151
                    |
               race |
             Black  |  -66.11969   24.31779    -2.72   0.007    -114.0383    -18.2011
          Hispanic  |   57.24575   101.7748     0.56   0.574    -143.3031    257.7946
             Other  |   22.13234    92.9628     0.24   0.812    -161.0524     205.317
                    |
                edu |
        HS Diploma  |  -109.6591   80.98855    -1.35   0.177    -269.2484    49.93012
  Bachelor or more  |  -25.69084   84.55938    -0.30   0.762    -192.3165    140.9348
                    |
            poverty |
     100%-200% FPL  |  -2.566694   40.62927    -0.06   0.950    -82.62733    77.49395
     200%-400% FPL  |  -16.65421    35.6989    -0.47   0.641    -86.99948    53.69106
         >400% FPL  |   87.10018   42.86461     2.03   0.043     2.634764    171.5656
                    |
          insurance |
          medicaid  |  -77.62016   20.34365    -3.82   0.000    -117.7077   -37.53267
          medicare  |  -44.68323    27.0514    -1.65   0.100    -97.98845    8.621999
medicare advantage  |  -14.83683   30.93537    -0.48   0.632    -75.79547    46.12182
 uninsured 1 month  |   305.9556   247.2667     1.24   0.217    -181.2875    793.1986
             other  |  -64.34049   27.18813    -2.37   0.019    -117.9151   -10.76584
-------------------------------------------------------------------------------------
Note: dy/dx for factor levels is the discrete change from the base level.

. 
. 
. 
. svy: twopm tele_total_spend $id_vars ,  f(probit) s(glm, link(log) family(gamma))
(running twopm on estimation sample)

Survey data analysis

Number of strata   =       105                 Number of obs     =       2,992
Number of PSUs     =       331                 Population size   =  37,088,068
                                               Design df         =         226
                                               F(  22,    205)   =       11.23
                                               Prob > F          =      0.0000

-------------------------------------------------------------------------------------
                    |             Linearized
   tele_total_spend |      Coef.   Std. Err.      t    P>|t|     [95% Conf. Interval]
--------------------+----------------------------------------------------------------
probit              |
                age |   .0222913   .0101596     2.19   0.029     .0022715     .042311
               age2 |  -.0002496   .0001175    -2.13   0.035    -.0004811   -.0000182
                    |
               year |
              2021  |   .7592374   .0633111    11.99   0.000     .6344819    .8839929
              2022  |   .5340071   .0816013     6.54   0.000     .3732104    .6948038
                    |
                SEX |
              male  |   .0714288   .0666293     1.07   0.285    -.0598654    .2027229
                    |
               race |
             Black  |   .0421446   .1266424     0.33   0.740    -.2074064    .2916955
          Hispanic  |   .3118758   .2543433     1.23   0.221    -.1893118    .8130633
             Other  |  -.0347463     .14772    -0.24   0.814    -.3258309    .2563384
                    |
                edu |
        HS Diploma  |  -.1020475   .1132812    -0.90   0.369    -.3252698    .1211749
  Bachelor or more  |   .1421329   .1233859     1.15   0.251    -.1010011    .3852669
                    |
             region |
           Midwest  |  -.1341934   .1078678    -1.24   0.215    -.3467486    .0783618
             South  |  -.5421165   .0985528    -5.50   0.000    -.7363164   -.3479165
              West  |  -.1023585   .1102914    -0.93   0.354    -.3196895    .1149724
                    |
            poverty |
     100%-200% FPL  |   .0388823   .1042903     0.37   0.710    -.1666234     .244388
     200%-400% FPL  |    .043805    .095297     0.46   0.646    -.1439793    .2315894
         >400% FPL  |   .2292771   .0964076     2.38   0.018     .0393043    .4192499
                    |
          insurance |
          medicaid  |  -.1413634   .0948476    -1.49   0.138     -.328262    .0455353
          medicare  |   .2881556   .2107927     1.37   0.173    -.1272149    .7035261
medicare advantage  |    .075467   .1233996     0.61   0.541    -.1676939     .318628
 uninsured 1 month  |   .1467555    .118812     1.24   0.218    -.0873656    .3808766
             other  |   .1728148   .1690632     1.02   0.308    -.1603269    .5059566
                    |
     charlson_score |  -.0744973   .0430778    -1.73   0.085    -.1593828    .0103881
              _cons |  -.9627898    .209103    -4.60   0.000    -1.374831   -.5507489
--------------------+----------------------------------------------------------------
glm                 |
                age |   .0194935   .0253784     0.77   0.443     -.030515     .069502
               age2 |  -.0002213   .0002827    -0.78   0.435    -.0007783    .0003357
                    |
               year |
              2021  |   .3095856   .1440024     2.15   0.033     .0258265    .5933447
              2022  |   .6685896   .1923925     3.48   0.001     .2894771    1.047702
                    |
                SEX |
              male  |  -.0701607    .134913    -0.52   0.604    -.3360089    .1956875
                    |
               race |
             Black  |   .4918398   .1932149     2.55   0.012     .1111067    .8725729
          Hispanic  |  -.1794673   .1962128    -0.91   0.361    -.5661078    .2071732
             Other  |     -.0634   .2759904    -0.23   0.819    -.6072436    .4804437
                    |
                edu |
        HS Diploma  |  -.2137199   .2447956    -0.87   0.384    -.6960936    .2686537
  Bachelor or more  |  -.1036903   .2508616    -0.41   0.680    -.5980171    .3906365
                    |
             region |
           Midwest  |  -.1765873   .1794712    -0.98   0.326    -.5302382    .1770636
             South  |  -.5461614   .1555296    -3.51   0.001    -.8526351   -.2396878
              West  |   .2903221   .1909182     1.52   0.130    -.0858852    .6665294
                    |
            poverty |
     100%-200% FPL  |   .4496277   .2505435     1.79   0.074    -.0440724    .9433278
     200%-400% FPL  |  -.1024168    .157724    -0.65   0.517    -.4132145    .2083809
         >400% FPL  |   .5003374   .1840724     2.72   0.007     .1376198    .8630551
                    |
          insurance |
          medicaid  |   .0907737   .1866373     0.49   0.627    -.2769981    .4585456
          medicare  |  -.3383223   .2971693    -1.14   0.256    -.9238992    .2472545
medicare advantage  |    -.00288   .2026288    -0.01   0.989    -.4021634    .3964034
 uninsured 1 month  |   .3368404   .4338648     0.78   0.438    -.5180972    1.191778
             other  |  -.0222466   .2860462    -0.08   0.938    -.5859052     .541412
                    |
     charlson_score |   .1755164   .1000731     1.75   0.081    -.0216793    .3727121
              _cons |   6.074328   .4986148    12.18   0.000       5.0918    7.056857
-------------------------------------------------------------------------------------

. 
. margins insurance edu poverty race

Predictive margins

Number of strata   =       105                 Number of obs     =       2,986
Number of PSUs     =       331                 Population size   =  37,088,068
                                               Subpop. no. obs   =       2,914
                                               Subpop. size      =           .
Model VCE    : Linearized                      Design df         =         226

Expression   : twopm combined expected values, predict()

-------------------------------------------------------------------------------------
                    |            Delta-method
                    |     Margin   Std. Err.      t    P>|t|     [95% Conf. Interval]
--------------------+----------------------------------------------------------------
          insurance |
           private  |   467.6264   54.52752     8.58   0.000      360.179    575.0737
          medicaid  |   455.6025   85.66605     5.32   0.000     286.7962    624.4089
          medicare  |   408.7467   112.8776     3.62   0.000     186.3195    631.1738
medicare advantage  |   493.9843   86.33617     5.72   0.000     323.8575    664.1111
 uninsured 1 month  |   730.5947   323.8562     2.26   0.025     92.43077    1368.759
             other  |    519.549   158.1535     3.29   0.001      207.905     831.193
                    |
                edu |
               <HS  |   537.5425   134.4658     4.00   0.000     272.5755    802.5095
        HS Diploma  |    398.666   44.85859     8.89   0.000     310.2714    487.0606
  Bachelor or more  |   540.2074   78.33105     6.90   0.000     385.8548      694.56
                    |
            poverty |
         <100% FPL  |   334.3612   52.36899     6.38   0.000     231.1673    437.5552
     100%-200% FPL  |   541.9635   132.9544     4.08   0.000     279.9747    803.9522
     200%-400% FPL  |   313.3474   38.58209     8.12   0.000     237.3208    389.3741
         >400% FPL  |   662.8517   90.04817     7.36   0.000     485.4103    840.2931
                    |
               race |
             White  |    467.921   54.47886     8.59   0.000     360.5695    575.2725
             Black  |   790.3969   171.2069     4.62   0.000      453.031    1127.763
          Hispanic  |   485.8379    113.354     4.29   0.000      262.472    709.2038
             Other  |   427.2808   126.4895     3.38   0.001     178.0313    676.5304
-------------------------------------------------------------------------------------

. 
. margins, dydx( insurance edu poverty race SEX)

Average marginal effects

Number of strata   =       105                 Number of obs     =       2,986
Number of PSUs     =       331                 Population size   =  37,088,068
                                               Subpop. no. obs   =       2,914
                                               Subpop. size      =           .
Model VCE    : Linearized                      Design df         =         226

Expression   : twopm combined expected values, predict()
dy/dx w.r.t. : 2.SEX 2.race 3.race 4.race 2.edu 3.edu 2.poverty 3.poverty 4.poverty 2.insurance 3.insurance 4.insurance 5.insurance 6.insurance

-------------------------------------------------------------------------------------
                    |            Delta-method
                    |      dy/dx   Std. Err.      t    P>|t|     [95% Conf. Interval]
--------------------+----------------------------------------------------------------
                SEX |
              male  |  -6.999129    68.8553    -0.10   0.919    -142.6796    128.6814
                    |
               race |
             Black  |   322.4759   165.1283     1.95   0.052    -2.912164    647.8639
          Hispanic  |    17.9169   132.1807     0.14   0.892    -242.5474    278.3812
             Other  |  -40.64016   127.0617    -0.32   0.749    -291.0173     209.737
                    |
                edu |
        HS Diploma  |  -138.8765   136.8726    -1.01   0.311    -408.5861    130.8331
  Bachelor or more  |   2.664901   150.3305     0.02   0.986    -293.5638    298.8937
                    |
            poverty |
     100%-200% FPL  |   207.6022    134.038     1.55   0.123    -56.52181    471.7262
     200%-400% FPL  |  -21.01381   56.94041    -0.37   0.712    -133.2158     91.1882
         >400% FPL  |   328.4905   94.81578     3.46   0.001     141.6544    515.3265
                    |
          insurance |
          medicaid  |  -12.02388   93.04691    -0.13   0.897    -195.3743    171.3266
          medicare  |  -58.87973   132.7826    -0.44   0.658    -320.5299    202.7705
medicare advantage  |   26.35791   99.90008     0.26   0.792    -170.4968    223.2126
 uninsured 1 month  |   262.9683   319.8173     0.82   0.412    -367.2369    893.1735
             other  |   51.92263   160.4864     0.32   0.747    -264.3184    368.1637
-------------------------------------------------------------------------------------
Note: dy/dx for factor levels is the discrete change from the base level.

. 
. 
. 
. svy: glm tele_oop $id_vars , family(gamma) link(log)
(running glm on estimation sample)

Survey: Generalized linear models

Number of strata   =       105                 Number of obs     =       2,992
Number of PSUs     =       331                 Population size   =  37,088,068
                                               Design df         =         226

-------------------------------------------------------------------------------------
                    |             Linearized
           tele_oop |      Coef.   Std. Err.      t    P>|t|     [95% Conf. Interval]
--------------------+----------------------------------------------------------------
                age |  -.0147729   .0418055    -0.35   0.724    -.0971513    .0676055
               age2 |  -.0001503   .0004501    -0.33   0.739    -.0010371    .0007366
                    |
               year |
              2021  |   1.701763   .2686241     6.34   0.000     1.172434    2.231091
              2022  |   1.439031   .2741015     5.25   0.000     .8989096    1.979152
                    |
                SEX |
              male  |   .0827374   .2701671     0.31   0.760    -.4496312     .615106
                    |
               race |
             Black  |  -1.329005   .3565487    -3.73   0.000     -2.03159   -.6264197
          Hispanic  |   .4530956    .654911     0.69   0.490    -.8374172    1.743608
             Other  |  -.5163787   .5799107    -0.89   0.374    -1.659102    .6263446
                    |
                edu |
        HS Diploma  |  -.1871526   .4774148    -0.39   0.695    -1.127906     .753601
  Bachelor or more  |   1.239297   .4774433     2.60   0.010     .2984868    2.180106
                    |
             region |
           Midwest  |   .1737614   .3528656     0.49   0.623     -.521566    .8690888
             South  |  -.6501337   .3243011    -2.00   0.046    -1.289174   -.0110932
              West  |   .3144886   .3615589     0.87   0.385    -.3979691    1.026946
                    |
            poverty |
     100%-200% FPL  |   .0370427   .4917177     0.08   0.940     -.931895     1.00598
     200%-400% FPL  |   .4226463   .4129829     1.02   0.307    -.3911432    1.236436
         >400% FPL  |   1.186189   .3749827     3.16   0.002     .4472799    1.925099
                    |
          insurance |
          medicaid  |  -2.038045   .4080135    -5.00   0.000    -2.842043   -1.234048
          medicare  |  -.5163822   .5372608    -0.96   0.338    -1.575063    .5422988
medicare advantage  |  -.0389166   .4281221    -0.09   0.928    -.8825382    .8047051
 uninsured 1 month  |    .975384   .6046738     1.61   0.108    -.2161354    2.166903
             other  |  -.5104016   .8186852    -0.62   0.534    -2.123634    1.102831
                    |
     charlson_score |  -.1965013   .1291002    -1.52   0.129    -.4508953    .0578926
              _cons |   3.086855   .8531719     3.62   0.000     1.405666    4.768044
-------------------------------------------------------------------------------------

. 
. 
. 
. margins insurance edu poverty race SEX

Predictive margins

Number of strata   =       105                 Number of obs     =       2,986
Number of PSUs     =       331                 Population size   =  37,088,068
                                               Subpop. no. obs   =       2,914
                                               Subpop. size      =           .
Model VCE    : Linearized                      Design df         =         226

Expression   : Predicted mean tele_oop, predict()

-------------------------------------------------------------------------------------
                    |            Delta-method
                    |     Margin   Std. Err.      t    P>|t|     [95% Conf. Interval]
--------------------+----------------------------------------------------------------
          insurance |
           private  |    136.344   25.96307     5.25   0.000     85.18337    187.5047
          medicaid  |   17.76333   6.365539     2.79   0.006     5.219929    30.30672
          medicare  |   81.35311   44.34811     1.83   0.068    -6.035566    168.7418
medicare advantage  |   131.1399   56.31635     2.33   0.021     20.16761    242.1122
 uninsured 1 month  |   361.6096   208.3649     1.74   0.084    -48.97676     772.196
             other  |   81.84111   66.01614     1.24   0.216    -48.24476     211.927
                    |
                edu |
               <HS  |     68.936   27.36834     2.52   0.012     15.00624    122.8658
        HS Diploma  |   57.16981   14.86811     3.85   0.000     27.87196    86.46766
  Bachelor or more  |   238.0486   58.73409     4.05   0.000     122.3122    353.7851
                    |
            poverty |
         <100% FPL  |   56.13181   22.60556     2.48   0.014     11.58719    100.6764
     100%-200% FPL  |   58.25008   22.12543     2.63   0.009     14.65157    101.8486
     200%-400% FPL  |   85.65684   22.21117     3.86   0.000     41.88935    129.4243
         >400% FPL  |   183.8081   36.56196     5.03   0.000     111.7621     255.854
                    |
               race |
             White  |   146.5899   28.16281     5.21   0.000     91.09462    202.0852
             Black  |    38.8083   14.34766     2.70   0.007       10.536    67.08061
          Hispanic  |   230.6115   154.0222     1.50   0.136    -72.89178    534.1148
             Other  |   87.46688   50.67871     1.73   0.086    -12.39634    187.3301
                    |
                SEX |
            female  |   131.0062   33.69262     3.89   0.000     64.61433    197.3981
              male  |   142.3063   30.21115     4.71   0.000     82.77478    201.8379
-------------------------------------------------------------------------------------

. 
. margins, dydx( insurance edu poverty race SEX)

Average marginal effects

Number of strata   =       105                 Number of obs     =       2,986
Number of PSUs     =       331                 Population size   =  37,088,068
                                               Subpop. no. obs   =       2,914
                                               Subpop. size      =           .
Model VCE    : Linearized                      Design df         =         226

Expression   : Predicted mean tele_oop, predict()
dy/dx w.r.t. : 2.SEX 2.race 3.race 4.race 2.edu 3.edu 2.poverty 3.poverty 4.poverty 2.insurance 3.insurance 4.insurance 5.insurance 6.insurance

-------------------------------------------------------------------------------------
                    |            Delta-method
                    |      dy/dx   Std. Err.      t    P>|t|     [95% Conf. Interval]
--------------------+----------------------------------------------------------------
                SEX |
              male  |   11.30014   36.54198     0.31   0.757    -60.70642     83.3067
                    |
               race |
             Black  |  -107.7816   27.10464    -3.98   0.000    -161.1917   -54.37147
          Hispanic  |   84.02161   150.6254     0.56   0.578    -212.7883    380.8315
             Other  |  -59.12302   53.81215    -1.10   0.273    -165.1607    46.91469
                    |
                edu |
        HS Diploma  |  -11.76619   31.31476    -0.38   0.707    -73.47243    49.94005
  Bachelor or more  |   169.1126    65.9843     2.56   0.011     39.08952    299.1358
                    |
            poverty |
     100%-200% FPL  |   2.118264    28.0906     0.08   0.940    -53.23473    57.47126
     200%-400% FPL  |   29.52502   26.85701     1.10   0.273    -23.39715     82.4472
         >400% FPL  |   127.6763   34.88516     3.66   0.000     58.93448     196.418
                    |
          insurance |
          medicaid  |  -118.5807   26.81332    -4.42   0.000    -171.4168   -65.74462
          medicare  |  -54.99092   46.30484    -1.19   0.236    -146.2353    36.25351
medicare advantage  |  -5.204122   56.36574    -0.09   0.927    -116.2737    105.8655
 uninsured 1 month  |   225.2656   209.6644     1.07   0.284    -187.8814    638.4126
             other  |  -54.50291   69.61383    -0.78   0.434    -191.6781    82.67226
-------------------------------------------------------------------------------------
Note: dy/dx for factor levels is the discrete change from the base level.

. 
. 
. 
. 
. 
. svy: glm tele_total_spend $id_vars , family(gamma) link(log)
(running glm on estimation sample)

Survey: Generalized linear models

Number of strata   =       105                 Number of obs     =       2,992
Number of PSUs     =       331                 Population size   =  37,088,068
                                               Design df         =         226

-------------------------------------------------------------------------------------
                    |             Linearized
   tele_total_spend |      Coef.   Std. Err.      t    P>|t|     [95% Conf. Interval]
--------------------+----------------------------------------------------------------
                age |   .0415198   .0233506     1.78   0.077    -.0044931    .0875326
               age2 |    -.00048   .0002621    -1.83   0.068    -.0009965    .0000365
                    |
               year |
              2021  |   1.053889   .1505602     7.00   0.000     .7572076     1.35057
              2022  |   1.185591    .205221     5.78   0.000        .7812    1.589983
                    |
                SEX |
              male  |    .001422   .1438021     0.01   0.992    -.2819424    .2847864
                    |
               race |
             Black  |   .4364895   .2084113     2.09   0.037     .0258116    .8471673
          Hispanic  |   .1801724   .3264333     0.55   0.582    -.4630697    .8234145
             Other  |  -.2047329    .296076    -0.69   0.490    -.7881554    .3786896
                    |
                edu |
        HS Diploma  |  -.3306819   .2625573    -1.26   0.209    -.8480553    .1866915
  Bachelor or more  |   .0149251   .2831036     0.05   0.958     -.542935    .5727853
                    |
             region |
           Midwest  |  -.2488684   .2189678    -1.14   0.257    -.6803481    .1826112
             South  |  -1.045223   .1776886    -5.88   0.000    -1.395362    -.695085
              West  |   .1224925   .2148976     0.57   0.569    -.3009668    .5459518
                    |
            poverty |
     100%-200% FPL  |   .5206944   .2828967     1.84   0.067    -.0367582    1.078147
     200%-400% FPL  |  -.0490319   .1892333    -0.26   0.796    -.4219192    .3238553
         >400% FPL  |   .6984679   .1965618     3.55   0.000     .3111397    1.085796
                    |
          insurance |
          medicaid  |   .0217515   .2125603     0.10   0.919     -.397102    .4406049
          medicare  |  -.1756683    .327439    -0.54   0.592    -.8208922    .4695556
medicare advantage  |   .1464286    .233295     0.63   0.531     -.313283    .6061402
 uninsured 1 month  |   .2622627   .3855263     0.68   0.497    -.4974232    1.021949
             other  |   .0473305   .3146383     0.15   0.881    -.5726693    .6673303
                    |
     charlson_score |   .0667415   .1094448     0.61   0.543    -.1489213    .2824042
              _cons |   4.455558   .4877549     9.13   0.000     3.494429    5.416687
-------------------------------------------------------------------------------------

. 
. 
. 
. margins insurance edu poverty race SEX

Predictive margins

Number of strata   =       105                 Number of obs     =       2,986
Number of PSUs     =       331                 Population size   =  37,088,068
                                               Subpop. no. obs   =       2,914
                                               Subpop. size      =           .
Model VCE    : Linearized                      Design df         =         226

Expression   : Predicted mean tele_total_spend, predict()

-------------------------------------------------------------------------------------
                    |            Delta-method
                    |     Margin   Std. Err.      t    P>|t|     [95% Conf. Interval]
--------------------+----------------------------------------------------------------
          insurance |
           private  |   461.7934   55.20124     8.37   0.000     353.0184    570.5683
          medicaid  |   471.9481   93.22569     5.06   0.000     288.2454    655.6508
          medicare  |   387.3967   111.6297     3.47   0.001     167.4285    607.3649
medicare advantage  |   534.6146   104.1318     5.13   0.000     329.4211    739.8081
 uninsured 1 month  |   600.2704   234.2615     2.56   0.011     138.6543    1061.886
             other  |   484.1758   149.4172     3.24   0.001     189.7467    778.6048
                    |
                edu |
               <HS  |   531.2767   133.3567     3.98   0.000     268.4952    794.0583
        HS Diploma  |   381.6871   42.93802     8.89   0.000      297.077    466.2972
  Bachelor or more  |   539.2656   76.33833     7.06   0.000     388.8397    689.6915
                    |
            poverty |
         <100% FPL  |   324.0135   53.15554     6.10   0.000     219.2697    428.7574
     100%-200% FPL  |   545.3783   140.6528     3.88   0.000     268.2196     822.537
     200%-400% FPL  |   308.5097   38.91134     7.93   0.000     231.8343    385.1851
         >400% FPL  |   651.4842   84.92451     7.67   0.000     484.1391    818.8293
                    |
               race |
             White  |   468.7591   52.39594     8.95   0.000      365.512    572.0061
             Black  |    725.295   151.7542     4.78   0.000     426.2609    1024.329
          Hispanic  |   561.3033    164.108     3.42   0.001     237.9257    884.6808
             Other  |   381.9753   111.5847     3.42   0.001     162.0959    601.8547
                    |
                SEX |
            female  |   483.2087   70.64244     6.84   0.000     344.0066    622.4108
              male  |   483.8963   51.42956     9.41   0.000     382.5536    585.2391
-------------------------------------------------------------------------------------

. 
. margins, dydx( insurance edu poverty race SEX)

Average marginal effects

Number of strata   =       105                 Number of obs     =       2,986
Number of PSUs     =       331                 Population size   =  37,088,068
                                               Subpop. no. obs   =       2,914
                                               Subpop. size      =           .
Model VCE    : Linearized                      Design df         =         226

Expression   : Predicted mean tele_total_spend, predict()
dy/dx w.r.t. : 2.SEX 2.race 3.race 4.race 2.edu 3.edu 2.poverty 3.poverty 4.poverty 2.insurance 3.insurance 4.insurance 5.insurance 6.insurance

-------------------------------------------------------------------------------------
                    |            Delta-method
                    |      dy/dx   Std. Err.      t    P>|t|     [95% Conf. Interval]
--------------------+----------------------------------------------------------------
                SEX |
              male  |   .6876183   69.51181     0.01   0.992    -136.2865    137.6618
                    |
               race |
             Black  |   256.5359   146.3233     1.75   0.081    -31.79658    544.8684
          Hispanic  |   92.54418   178.7053     0.52   0.605    -259.5975    444.6859
             Other  |  -86.78374   115.6524    -0.75   0.454    -314.6787    141.1112
                    |
                edu |
        HS Diploma  |  -149.5896   135.1437    -1.11   0.270    -415.8925    116.7132
  Bachelor or more  |   7.988833   150.9342     0.05   0.958    -289.4295    305.4072
                    |
            poverty |
     100%-200% FPL  |   221.3647   142.2732     1.56   0.121    -58.98694    501.7164
     200%-400% FPL  |  -15.50381    60.3212    -0.26   0.797    -134.3677    103.3601
         >400% FPL  |   327.4707   94.47401     3.47   0.001     141.3081    513.6332
                    |
          insurance |
          medicaid  |   10.15473   99.83508     0.10   0.919    -186.5719    206.8814
          medicare  |  -74.39667   131.4478    -0.57   0.572    -333.4167    184.6234
medicare advantage  |   72.82124   120.1391     0.61   0.545    -163.9148    309.5573
 uninsured 1 month  |    138.477   230.1016     0.60   0.548    -314.9419    591.8959
             other  |   22.38241   151.7204     0.15   0.883    -276.5851    321.3499
-------------------------------------------------------------------------------------
Note: dy/dx for factor levels is the discrete change from the base level.

. 
. 
. 
. *table 1 code 

. 
. 
. 
. global vars "total_visits total_telehealth_visits oop total_spend tele_oop tele_total_spend age i.SEX i.race i.insurance i.edu i.region i.poverty cha
> rlson_score "

. 
. 
. 
. eststo: svy: mean $vars 
(running mean on estimation sample)

Survey: Mean estimation

Number of strata =     105                  Number of obs   =       2,992
Number of PSUs   =     331                  Population size =  37,088,068
                                            Design df       =         226

-------------------------------------------------------------------------
                        |             Linearized
                        |       Mean   Std. Err.     [95% Conf. Interval]
------------------------+------------------------------------------------
           total_visits |   5.632693   .2200722      5.199037    6.066349
total_telehealth_visits |   1.952262     .15524      1.646359    2.258165
                    oop |    309.804   78.20426      155.7013    463.9068
            total_spend |   1446.217   140.2404      1169.871    1722.563
               tele_oop |   155.7189   73.12546      11.62403    299.8138
       tele_total_spend |   521.0106   85.35918       352.809    689.2123
                    age |   40.25571   .6121367      39.04948    41.46194
                        |
                    SEX |
                female  |   .4158329   .0127781      .3906534    .4410123
                  male  |   .5841671   .0127781      .5589877    .6093466
                        |
                   race |
                 White  |   .8075877   .0119422      .7840555    .8311199
                 Black  |   .1082708   .0087358      .0910567    .1254849
              Hispanic  |   .0141554   .0027319      .0087723    .0195386
                 Other  |   .0699861   .0083842      .0534648    .0865074
                        |
              insurance |
               private  |   .4499524   .0162246      .4179817    .4819232
              medicaid  |    .229509   .0141347      .2016563    .2573618
              medicare  |    .036277   .0044988       .027412     .045142
    medicare advantage  |   .1761143   .0104627      .1554973    .1967313
     uninsured 1 month  |   .0863994   .0077105      .0712056    .1015932
                 other  |   .0217479    .004015      .0138363    .0296595
                        |
                    edu |
                   <HS  |   .2306464    .013337      .2043657    .2569271
            HS Diploma  |   .3452246   .0151422      .3153865    .3750626
      Bachelor or more  |    .424129   .0160601      .3924823    .4557757
                        |
                 region |
             Northeast  |   .2023505   .0174437      .1679775    .2367235
               Midwest  |   .2190711   .0171411      .1852943    .2528478
                 South  |   .3638687   .0220964      .3203273      .40741
                  West  |   .2147097   .0163796      .1824336    .2469859
                        |
                poverty |
             <100% FPL  |   .2058289   .0119865      .1822093    .2294484
         100%-200% FPL  |   .1188821   .0097405      .0996883    .1380759
         200%-400% FPL  |   .2639638   .0115113      .2412806     .286647
             >400% FPL  |   .4113252   .0164855      .3788403    .4438102
                        |
         charlson_score |   .4153379   .0203566      .3752249    .4554508
-------------------------------------------------------------------------
(est1 stored)

. 
. 
. 
. eststo: svy: mean $vars if telemed == 0
(running mean on estimation sample)

Survey: Mean estimation

Number of strata =     105                  Number of obs   =       1,728
Number of PSUs   =     303                  Population size =  21,312,235
                                            Design df       =         198

-------------------------------------------------------------------------
                        |             Linearized
                        |       Mean   Std. Err.     [95% Conf. Interval]
------------------------+------------------------------------------------
           total_visits |   5.357311    .261721      4.841192    5.873429
total_telehealth_visits |          0  (omitted)
                    oop |   202.1734   25.04851      152.7773    251.5695
            total_spend |   1326.031   196.1818      939.1574    1712.905
               tele_oop |          0  (omitted)
       tele_total_spend |          0  (omitted)
                    age |   39.69616   .7714372      38.17488    41.21745
                        |
                    SEX |
                female  |   .4237154   .0162827      .3916057     .455825
                  male  |   .5762846   .0162827       .544175    .6083943
                        |
                   race |
                 White  |   .7971534   .0160143      .7655729    .8287339
                 Black  |   .1188292   .0126108      .0939605     .143698
              Hispanic  |   .0115054   .0029323      .0057229    .0172879
                 Other  |    .072512   .0119659      .0489151    .0961089
                        |
              insurance |
               private  |   .4168909   .0204485       .376566    .4572158
              medicaid  |   .2660743   .0199886      .2266564    .3054923
              medicare  |    .034187   .0053978      .0235424    .0448316
    medicare advantage  |   .1785991   .0131309      .1527046    .2044935
     uninsured 1 month  |   .0819672   .0089588      .0643003    .0996341
                 other  |   .0222815   .0044702      .0134661    .0310968
                        |
                    edu |
                   <HS  |   .2603744   .0171319      .2265899    .2941588
            HS Diploma  |   .3698984   .0194714      .3315004    .4082964
      Bachelor or more  |   .3697272   .0194752      .3313218    .4081326
                        |
                 region |
             Northeast  |   .1720631   .0171165       .138309    .2058171
               Midwest  |   .2064186   .0170646      .1727669    .2400704
                 South  |   .4299847   .0239417      .3827712    .4771982
                  West  |   .1915336    .016406      .1591807    .2238864
                        |
                poverty |
             <100% FPL  |   .2313452   .0160731      .1996487    .2630417
         100%-200% FPL  |   .1336859   .0132145      .1076267    .1597451
         200%-400% FPL  |    .270005   .0152925       .239848     .300162
             >400% FPL  |   .3649639   .0203149      .3249025    .4050253
                        |
         charlson_score |   .4428589   .0259325      .3917195    .4939984
-------------------------------------------------------------------------
Note: Strata with single sampling unit treated as certainty units.
(est2 stored)

. 
. 
. 
. eststo: svy: mean $vars if telemed == 1
(running mean on estimation sample)

Survey: Mean estimation

Number of strata =     105                  Number of obs   =       1,264
Number of PSUs   =     291                  Population size =  15,775,833
                                            Design df       =         186

-------------------------------------------------------------------------
                        |             Linearized
                        |       Mean   Std. Err.     [95% Conf. Interval]
------------------------+------------------------------------------------
           total_visits |   6.004718   .3861625      5.242896    6.766539
total_telehealth_visits |   4.589654   .3420709      3.914816    5.264492
                    oop |   455.2068   175.1438      109.6832    800.7305
            total_spend |    1608.58   201.8749      1210.321    2006.838
               tele_oop |   366.0862   171.5188      27.71396    704.4584
       tele_total_spend |   1224.866   195.4909      839.2013     1610.53
                    age |   41.01162   .8121429      39.40943    42.61382
                        |
                    SEX |
                female  |   .4051841   .0196954       .366329    .4440393
                  male  |   .5948159   .0196954      .5559607     .633671
                        |
                   race |
                 White  |   .8216839   .0163697      .7893897     .853978
                 Black  |    .094007   .0111654        .07198     .116034
              Hispanic  |   .0177355   .0047264      .0084113    .0270597
                 Other  |   .0665737   .0100088      .0468282    .0863191
                        |
              insurance |
               private  |   .4946167   .0205979      .4539812    .5352521
              medicaid  |   .1801114   .0139159      .1526582    .2075646
              medicare  |   .0391003   .0076435      .0240213    .0541794
    medicare advantage  |   .1727576    .014515      .1441224    .2013928
     uninsured 1 month  |    .092387   .0111982      .0702952    .1144789
                 other  |    .021027   .0053124      .0105467    .0315073
                        |
                    edu |
                   <HS  |   .1904857    .017847      .1552772    .2256943
            HS Diploma  |   .3118916   .0193275      .2737622     .350021
      Bachelor or more  |   .4976226   .0213339       .455535    .5397102
                        |
                 region |
             Northeast  |   .2432671   .0230649      .1977647    .2887695
               Midwest  |   .2361638   .0220474      .1926686     .279659
                 South  |   .2745497   .0219798      .2311879    .3179116
                  West  |   .2460194   .0218326       .202948    .2890908
                        |
                poverty |
             <100% FPL  |   .1713577   .0138038      .1441255    .1985899
         100%-200% FPL  |    .098883   .0107064      .0777615    .1200045
         200%-400% FPL  |   .2558026   .0159467       .224343    .2872621
             >400% FPL  |   .4739567   .0206607      .4331973    .5147162
                        |
         charlson_score |   .3781585   .0320424      .3149454    .4413717
-------------------------------------------------------------------------
Note: Strata with single sampling unit treated as certainty units.
(est3 stored)

. 
. 
. 
. esttab using "F:\projects\telepsych\output\table1.rtf" , b(2) ci(2) label replace nostar 
(note: file F:\projects\telepsych\output\table1.rtf not found)
(output written to F:\projects\telepsych\output\table1.rtf)

. 
. 
. 
. 
. 
. eststo: svy: mean $percentage_vars 
(running mean on estimation sample)

Survey: Mean estimation

Number of strata =     105              Number of obs   =       3,017
Number of PSUs   =     331              Population size =  37,391,529
                                        Design df       =         226

---------------------------------------------------------------------
                    |             Linearized
                    |       Mean   Std. Err.     [95% Conf. Interval]
--------------------+------------------------------------------------
                SEX |
            female  |    .418222   .0126033      .3933869     .443057
              male  |    .581778   .0126033       .556943    .6066131
                    |
               race |
             White  |   .8064672   .0119585      .7829029    .8300316
             Black  |    .108461   .0087623      .0911948    .1257272
          Hispanic  |   .0143764   .0027876      .0088834    .0198695
             Other  |   .0706953   .0083134      .0543137     .087077
                    |
          insurance |
           private  |   .4506932   .0161315      .4189059    .4824805
          medicaid  |   .2294469   .0139739       .201911    .2569827
          medicare  |   .0360456   .0044581      .0272608    .0448304
medicare advantage  |   .1749628   .0103475      .1545729    .1953527
 uninsured 1 month  |   .0872802   .0075238      .0724543     .102106
             other  |   .0215714   .0039805      .0137277    .0294151
                    |
                edu |
               <HS  |   .2324374   .0133036      .2062225    .2586524
        HS Diploma  |   .3436916   .0150749      .3139862     .373397
  Bachelor or more  |    .423871   .0160771      .3921909    .4555511
                    |
             region |
         Northeast  |   .2021528   .0173951      .1678754    .2364302
           Midwest  |    .217571   .0170332      .1840067    .2511352
             South  |   .3652078   .0218653      .3221218    .4082938
              West  |   .2150684   .0163068      .1829355    .2472013
                    |
            poverty |
         <100% FPL  |   .2049336   .0119228      .1814395    .2284276
     100%-200% FPL  |   .1182652   .0096687      .0992128    .1373175
     200%-400% FPL  |   .2655276   .0114872      .2428919    .2881633
         >400% FPL  |   .4112737    .016373      .3790104    .4435369
---------------------------------------------------------------------
(est4 stored)

. 
. 
. 
. eststo: svy: mean $percentage_vars if telemed == 0
(running mean on estimation sample)

Survey: Mean estimation

Number of strata =     105              Number of obs   =       1,745
Number of PSUs   =     304              Population size =  21,537,745
                                        Design df       =         199

---------------------------------------------------------------------
                    |             Linearized
                    |       Mean   Std. Err.     [95% Conf. Interval]
--------------------+------------------------------------------------
                SEX |
            female  |   .4271782   .0161243      .3953818    .4589747
              male  |   .5728218   .0161243      .5410253    .6046182
                    |
               race |
             White  |   .7964558   .0159465        .76501    .8279016
             Black  |    .118189   .0125606        .09342     .142958
          Hispanic  |   .0113849   .0028995      .0056672    .0171027
             Other  |   .0739702   .0118766      .0505502    .0973903
                    |
          insurance |
           private  |   .4177653   .0203775      .3775818    .4579488
          medicaid  |   .2652907    .019826      .2261946    .3043867
          medicare  |   .0338291   .0053436      .0232916    .0443665
medicare advantage  |   .1772114   .0130285      .1515197     .202903
 uninsured 1 month  |   .0838554   .0089192      .0662672    .1014436
             other  |   .0220482   .0044327      .0133071    .0307893
                    |
                edu |
               <HS  |   .2619702   .0171261      .2281982    .2957422
        HS Diploma  |   .3682281   .0193227      .3301247    .4063316
  Bachelor or more  |   .3698017   .0196044      .3311426    .4084608
                    |
             region |
         Northeast  |   .1715042   .0172489        .13749    .2055183
           Midwest  |   .2047397   .0170535       .171111    .2383684
             South  |   .4322075   .0242148      .3844569    .4799581
              West  |   .1915487   .0164443      .1591212    .2239761
                    |
            poverty |
         <100% FPL  |   .2300799   .0159075      .1987111    .2614488
     100%-200% FPL  |   .1328902    .013112       .107034    .1587464
     200%-400% FPL  |   .2723468   .0153292      .2421182    .3025753
         >400% FPL  |   .3646831   .0201401      .3249678    .4043985
---------------------------------------------------------------------
Note: Strata with single sampling unit treated as certainty units.
(est5 stored)

. 
. 
. 
. eststo: svy: mean $percentage_vars if telemed == 1
(running mean on estimation sample)

Survey: Mean estimation

Number of strata =     105              Number of obs   =       1,272
Number of PSUs   =     291              Population size =  15,853,784
                                        Design df       =         186

---------------------------------------------------------------------
                    |             Linearized
                    |       Mean   Std. Err.     [95% Conf. Interval]
--------------------+------------------------------------------------
                SEX |
            female  |   .4060546   .0196422      .3673045    .4448048
              male  |   .5939454   .0196422      .5551952    .6326955
                    |
               race |
             White  |    .820068   .0164149      .7876846    .8524514
             Black  |   .0952452   .0111578       .073233    .1172574
          Hispanic  |   .0184404   .0050353      .0085069     .028374
             Other  |   .0662463    .009946      .0466248    .0858678
                    |
          insurance |
           private  |   .4954264   .0204947      .4549944    .5358584
          medicaid  |   .1807522   .0137939      .1535397    .2079647
          medicare  |   .0390568    .007612      .0240399    .0540738
medicare advantage  |   .1719082   .0144894      .1433235    .2004928
 uninsured 1 month  |   .0919328   .0111431      .0699497    .1139158
             other  |   .0209236   .0052866      .0104942     .031353
                    |
                edu |
               <HS  |   .1923165   .0180098      .1567867    .2278462
        HS Diploma  |   .3103581   .0192601      .2723617    .3483544
  Bachelor or more  |   .4973254   .0213391      .4552276    .5394233
                    |
             region |
         Northeast  |   .2437897   .0228901       .198632    .2889473
           Midwest  |   .2350026    .021948      .1917036    .2783016
             South  |   .2741871   .0218407      .2310998    .3172744
              West  |   .2470206   .0219068      .2038029    .2902384
                    |
            poverty |
         <100% FPL  |   .1707716   .0137695      .1436071    .1979362
     100%-200% FPL  |   .0983968   .0106175      .0774506    .1193429
     200%-400% FPL  |   .2562635   .0159867      .2247249    .2878021
         >400% FPL  |   .4745681   .0207259      .4336799    .5154562
---------------------------------------------------------------------
Note: Strata with single sampling unit treated as certainty units.
(est6 stored)

. 
. 
. 
. global percentage_vars "i.SEX i.race i.insurance i.edu i.region i.poverty"

. 
. 
. 
. 
. 
. log close 
      name:  <unnamed>
       log:  F:/projects/telepsych/output/summary_fyc_analysis.log
  log type:  text
 closed on:  11 Nov 2024, 17:58:46
-------------------------------------------------------------------------------------------------------------------------------------------------------
